2023-10-19 09:15:20,965 [INFO] Activator:176 - 


2023-10-19 09:15:20,965 [INFO] Activator:177 - !SESSION log4j initialized
2023-10-19 09:15:24,557 [INFO] LogOutputStream:77 - [STDOUT_REDIRECT] 
2023-10-19 09:15:25,686 [INFO] ApplicationProperties:184 - Using Application install path: C:\ST\STM32CubeIDE_1.12.0\STM32CubeIDE\plugins\com.st.stm32cube.common.mx_6.9.2.202309101412
2023-10-19 09:15:25,716 [INFO] DbMcusXml:78 - Set database path to: C:\ST\STM32CubeIDE_1.12.0\STM32CubeIDE\plugins\com.st.stm32cube.common.mx_6.9.2.202309101412\\db\/mcu/
2023-10-19 09:15:25,716 [INFO] ApiDb:274 - Set plugin database path to: C:\ST\STM32CubeIDE_1.12.0\STM32CubeIDE\plugins\com.st.stm32cube.common.mx_6.9.2.202309101412\\db\/plugins/boardmanager/
2023-10-19 09:15:25,721 [WARN] ApiDb:259 - Overriding images path with different value:  => C:\ST\STM32CubeIDE_1.12.0\STM32CubeIDE\plugins\com.st.stm32cube.common.mx_6.9.2.202309101412\\db\/plugins/mcufinder/images/
2023-10-19 09:15:25,726 [INFO] ApiDb:250 - Set database path to: C:\Users\USER\.stmcufinder\plugins\mcufinder//mcu/
2023-10-19 09:15:25,727 [INFO] DbMcusAds:125 - Set database path to: C:\Users\USER\.stmcufinder\plugins\mcufinder//mcu/
2023-10-19 09:15:25,727 [INFO] CrossReferenceDbSqlite:203 - Set database path to: C:\Users\USER\.stmcufinder\plugins\mcufinder//mcu/cs/
2023-10-19 09:15:25,793 [INFO] RulesReader:64 - Compatibility file has been processed (293 Rules)
2023-10-19 09:15:25,823 [INFO] DbMcusXml:78 - Set database path to: C:\ST\STM32CubeIDE_1.12.0\STM32CubeIDE\plugins\com.st.stm32cube.common.mx_6.9.2.202309101412\\db\/mcu/
2023-10-19 09:15:25,823 [INFO] ApiDb:274 - Set plugin database path to: C:\ST\STM32CubeIDE_1.12.0\STM32CubeIDE\plugins\com.st.stm32cube.common.mx_6.9.2.202309101412\\db\/plugins/boardmanager/
2023-10-19 09:15:25,823 [INFO] ApiDb:261 - Set plugin images path to: C:\ST\STM32CubeIDE_1.12.0\STM32CubeIDE\plugins\com.st.stm32cube.common.mx_6.9.2.202309101412\\db\/plugins/mcufinder/images/
2023-10-19 09:15:25,823 [WARN] DbFile:41 - Overriding database path with different value: C:\Users\USER\.stmcufinder\plugins\mcufinder/ => C:\Users\USER\.stmcufinder\plugins\mcufinder
2023-10-19 09:15:25,823 [INFO] ApiDb:250 - Set database path to: C:\Users\USER\.stmcufinder\plugins\mcufinder//mcu/
2023-10-19 09:15:25,823 [WARN] DbFile:41 - Overriding database path with different value: C:\Users\USER\.stmcufinder\plugins\mcufinder/ => C:\Users\USER\.stmcufinder\plugins\mcufinder
2023-10-19 09:15:25,823 [INFO] DbMcusAds:125 - Set database path to: C:\Users\USER\.stmcufinder\plugins\mcufinder//mcu/
2023-10-19 09:15:25,823 [WARN] DbFile:41 - Overriding database path with different value: C:\Users\USER\.stmcufinder\plugins\mcufinder/ => C:\Users\USER\.stmcufinder\plugins\mcufinder
2023-10-19 09:15:25,825 [WARN] DbFile:41 - Overriding database path with different value: C:\Users\USER\.stmcufinder\plugins\mcufinder/ => C:\Users\USER\.stmcufinder\plugins\mcufinder
2023-10-19 09:15:25,825 [INFO] CrossReferenceDbSqlite:203 - Set database path to: C:\Users\USER\.stmcufinder\plugins\mcufinder//mcu/cs/
2023-10-19 09:15:25,863 [INFO] MainPanel:262 - HeapMemory: 268435456
2023-10-19 09:15:25,911 [INFO] DbMcusXml:78 - Set database path to: C:\ST\STM32CubeIDE_1.12.0\STM32CubeIDE\plugins\com.st.stm32cube.common.mx_6.9.2.202309101412\\db\/mcu/
2023-10-19 09:15:25,911 [INFO] ApiDb:274 - Set plugin database path to: C:\ST\STM32CubeIDE_1.12.0\STM32CubeIDE\plugins\com.st.stm32cube.common.mx_6.9.2.202309101412\\db\/plugins/boardmanager/
2023-10-19 09:15:25,911 [INFO] ApiDb:261 - Set plugin images path to: C:\ST\STM32CubeIDE_1.12.0\STM32CubeIDE\plugins\com.st.stm32cube.common.mx_6.9.2.202309101412\\db\/plugins/mcufinder/images/
2023-10-19 09:15:25,912 [WARN] DbFile:41 - Overriding database path with different value: C:\Users\USER\.stmcufinder\plugins\mcufinder/ => C:\Users\USER\.stmcufinder\plugins\mcufinder
2023-10-19 09:15:25,912 [INFO] ApiDb:250 - Set database path to: C:\Users\USER\.stmcufinder\plugins\mcufinder//mcu/
2023-10-19 09:15:25,912 [WARN] DbFile:41 - Overriding database path with different value: C:\Users\USER\.stmcufinder\plugins\mcufinder/ => C:\Users\USER\.stmcufinder\plugins\mcufinder
2023-10-19 09:15:25,912 [INFO] DbMcusAds:125 - Set database path to: C:\Users\USER\.stmcufinder\plugins\mcufinder//mcu/
2023-10-19 09:15:25,912 [WARN] DbFile:41 - Overriding database path with different value: C:\Users\USER\.stmcufinder\plugins\mcufinder/ => C:\Users\USER\.stmcufinder\plugins\mcufinder
2023-10-19 09:15:25,912 [WARN] DbFile:41 - Overriding database path with different value: C:\Users\USER\.stmcufinder\plugins\mcufinder/ => C:\Users\USER\.stmcufinder\plugins\mcufinder
2023-10-19 09:15:25,912 [INFO] CrossReferenceDbSqlite:203 - Set database path to: C:\Users\USER\.stmcufinder\plugins\mcufinder//mcu/cs/
2023-10-19 09:15:25,921 [INFO] ApplicationProperties:184 - Using Application install path: C:\ST\STM32CubeIDE_1.12.0\STM32CubeIDE\plugins\com.st.stm32cube.common.mx_6.9.2.202309101412
2023-10-19 09:15:25,922 [INFO] PluginManage:196 - Search for loadable plugins [exclusion list=, ]
2023-10-19 09:15:25,923 [INFO] PluginManage:310 - Check plugin analytics
2023-10-19 09:15:26,013 [INFO] AnalyticsPlugin:253 - Accepted Software Licenses: 
2023-10-19 09:15:26,013 [INFO] AnalyticsPlugin:255 - Accepted CMSIS Pack Licenses: 
2023-10-19 09:15:26,013 [INFO] AnalyticsPlugin:257 - Accepted Firmware Licenses: FW.F4.1.27.0
2023-10-19 09:15:26,015 [INFO] PluginManage:359 - Loaded plugin analytics (category:tool,tabindex:-1)
2023-10-19 09:15:26,015 [INFO] PluginManage:310 - Check plugin cadmodel
2023-10-19 09:15:26,022 [INFO] CADModel:105 - Init CAD model plugin
2023-10-19 09:15:26,023 [INFO] PluginManage:359 - Loaded plugin cadmodel (category:power,tabindex:5)
2023-10-19 09:15:26,023 [INFO] PluginManage:310 - Check plugin clock
2023-10-19 09:15:26,032 [INFO] PluginManage:359 - Loaded plugin clock (category:base,tabindex:2)
2023-10-19 09:15:26,032 [INFO] PluginManage:310 - Check plugin ddr
2023-10-19 09:15:26,034 [INFO] PluginManage:359 - Loaded plugin ddr (category:tool,tabindex:6)
2023-10-19 09:15:26,034 [INFO] PluginManage:310 - Check plugin filemanager
2023-10-19 09:15:26,121 [INFO] PluginManage:359 - Loaded plugin filemanager (category:base,tabindex:10)
2023-10-19 09:15:26,121 [INFO] PluginManage:310 - Check plugin ipmanager
2023-10-19 09:15:26,125 [INFO] PluginManage:359 - Loaded plugin ipmanager (category:base,tabindex:5)
2023-10-19 09:15:26,125 [INFO] PluginManage:310 - Check plugin lpbam
2023-10-19 09:15:26,135 [INFO] PluginManage:359 - Loaded plugin lpbam (category:base,tabindex:0)
2023-10-19 09:15:26,135 [INFO] PluginManage:310 - Check plugin memorymap
2023-10-19 09:15:26,146 [INFO] PluginManage:359 - Loaded plugin memorymap (category:base,tabindex:4)
2023-10-19 09:15:26,146 [INFO] PluginManage:310 - Check plugin pinoutandconfiguration
2023-10-19 09:15:26,156 [INFO] PluginManage:359 - Loaded plugin pinoutandconfiguration (category:base,tabindex:1)
2023-10-19 09:15:26,156 [INFO] PluginManage:310 - Check plugin pinoutconfig
2023-10-19 09:15:26,205 [WARN] SupportedApi:132 - Cannot load RTOS API schema: s4s-elt-must-match.1: The content of 'definitions' must match (annotation?, (simpleType | complexType)?, (unique | key | keyref)*)). A problem was found starting at: attribute.
2023-10-19 09:15:26,279 [INFO] PluginManage:359 - Loaded plugin pinoutconfig (category:base,tabindex:0)
2023-10-19 09:15:26,279 [INFO] PluginManage:310 - Check plugin power
2023-10-19 09:15:26,290 [INFO] PluginManage:359 - Loaded plugin power (category:power,tabindex:4)
2023-10-19 09:15:26,290 [INFO] PluginManage:310 - Check plugin projectmanager
2023-10-19 09:15:26,297 [INFO] PluginManage:359 - Loaded plugin projectmanager (category:projectmanager,tabindex:3)
2023-10-19 09:15:26,297 [INFO] PluginManage:310 - Check plugin thirdparty
2023-10-19 09:15:26,431 [INFO] PluginManage:359 - Loaded plugin thirdparty (category:base,tabindex:-1)
2023-10-19 09:15:26,431 [WARN] IntegrityCheckThread:84 - waiting for thirdparty lock release [integrity check]
2023-10-19 09:15:26,431 [INFO] PluginManage:310 - Check plugin tools
2023-10-19 09:15:26,431 [INFO] IntegrityCheckThread:86 - entering critical section [integrity check]
2023-10-19 09:15:26,432 [INFO] ThirdPartyUpdaterWithRetryManager:70 - Updater plugin not ready yet. [1/15]
2023-10-19 09:15:26,448 [INFO] PluginManage:359 - Loaded plugin tools (category:base,tabindex:7)
2023-10-19 09:15:26,448 [INFO] PluginManage:310 - Check plugin tutovideos
2023-10-19 09:15:26,554 [INFO] PluginManage:359 - Loaded plugin tutovideos (category:base,tabindex:-1)
2023-10-19 09:15:26,555 [INFO] PluginManage:310 - Check plugin updater
2023-10-19 09:15:26,561 [INFO] PluginManage:359 - Loaded plugin updater (category:base,tabindex:12)
2023-10-19 09:15:26,561 [INFO] PluginManage:310 - Check plugin userauth
2023-10-19 09:15:26,564 [INFO] UserAuth:113 - Init User Auth plugin
2023-10-19 09:15:26,564 [INFO] PluginManage:359 - Loaded plugin userauth (category:base,tabindex:14)
2023-10-19 09:15:26,565 [INFO] PluginManage:283 - PluginManage : Loaded plugins [17]
2023-10-19 09:15:26,667 [INFO] PinOutPanel:1499 - setPackage(No Configuration,No Configuration)
2023-10-19 09:15:26,717 [INFO] CADModel:165 - CPN selected for project level
2023-10-19 09:15:26,717 [INFO] CADModel:114 - Register for checkConnection events
2023-10-19 09:15:26,732 [INFO] IPUIPlugin:80 - create IPUIPlugin
2023-10-19 09:15:26,732 [INFO] PluginManager:220 - loadIPPluginJar : add adc
2023-10-19 09:15:26,748 [INFO] IPUIPlugin:80 - create IPUIPlugin
2023-10-19 09:15:26,749 [INFO] PluginManager:220 - loadIPPluginJar : add aes
2023-10-19 09:15:26,767 [INFO] IPUIPlugin:80 - create IPUIPlugin
2023-10-19 09:15:26,767 [INFO] PluginManager:220 - loadIPPluginJar : add can
2023-10-19 09:15:26,777 [INFO] IPUIPlugin:80 - create IPUIPlugin
2023-10-19 09:15:26,777 [INFO] PluginManager:220 - loadIPPluginJar : add comp
2023-10-19 09:15:26,792 [INFO] IPUIPlugin:80 - create IPUIPlugin
2023-10-19 09:15:26,792 [INFO] PluginManager:220 - loadIPPluginJar : add cryp
2023-10-19 09:15:26,805 [INFO] IPUIPlugin:80 - create IPUIPlugin
2023-10-19 09:15:26,805 [INFO] PluginManager:220 - loadIPPluginJar : add dfsdm
2023-10-19 09:15:26,813 [INFO] IPUIPlugin:80 - create IPUIPlugin
2023-10-19 09:15:26,813 [INFO] PluginManager:220 - loadIPPluginJar : add dma
2023-10-19 09:15:26,833 [INFO] IPUIPlugin:80 - create IPUIPlugin
2023-10-19 09:15:26,833 [INFO] PluginManager:220 - loadIPPluginJar : add dma3
2023-10-19 09:15:26,843 [INFO] IPUIPlugin:80 - create IPUIPlugin
2023-10-19 09:15:26,843 [INFO] PluginManager:220 - loadIPPluginJar : add fatfs
2023-10-19 09:15:26,869 [INFO] IPUIPlugin:80 - create IPUIPlugin
2023-10-19 09:15:26,869 [INFO] PluginManager:220 - loadIPPluginJar : add fmc
2023-10-19 09:15:26,879 [INFO] IPUIPlugin:80 - create IPUIPlugin
2023-10-19 09:15:26,879 [INFO] PluginManager:220 - loadIPPluginJar : add freertos
2023-10-19 09:15:26,891 [INFO] IPUIPlugin:80 - create IPUIPlugin
2023-10-19 09:15:26,891 [INFO] PluginManager:220 - loadIPPluginJar : add genericplugin
2023-10-19 09:15:26,936 [INFO] IPUIPlugin:80 - create IPUIPlugin
2023-10-19 09:15:26,936 [INFO] PluginManager:220 - loadIPPluginJar : add gfxmmu
2023-10-19 09:15:27,005 [INFO] IPUIPlugin:80 - create IPUIPlugin
2023-10-19 09:15:27,005 [INFO] PluginManager:220 - loadIPPluginJar : add gic
2023-10-19 09:15:27,012 [INFO] IPUIPlugin:80 - create IPUIPlugin
2023-10-19 09:15:27,012 [INFO] PluginManager:220 - loadIPPluginJar : add gpio
2023-10-19 09:15:27,058 [INFO] IPUIPlugin:80 - create IPUIPlugin
2023-10-19 09:15:27,058 [INFO] PluginManager:220 - loadIPPluginJar : add gtzc
2023-10-19 09:15:27,073 [INFO] IPUIPlugin:80 - create IPUIPlugin
2023-10-19 09:15:27,073 [INFO] PluginManager:220 - loadIPPluginJar : add hash
2023-10-19 09:15:27,097 [INFO] IPUIPlugin:80 - create IPUIPlugin
2023-10-19 09:15:27,097 [INFO] PluginManager:220 - loadIPPluginJar : add i2c
2023-10-19 09:15:27,115 [INFO] IPUIPlugin:80 - create IPUIPlugin
2023-10-19 09:15:27,115 [INFO] PluginManager:220 - loadIPPluginJar : add i2s
2023-10-19 09:15:27,135 [INFO] IPUIPlugin:80 - create IPUIPlugin
2023-10-19 09:15:27,135 [INFO] PluginManager:220 - loadIPPluginJar : add i3c
2023-10-19 09:15:27,182 [INFO] IPUIPlugin:80 - create IPUIPlugin
2023-10-19 09:15:27,182 [INFO] PluginManager:220 - loadIPPluginJar : add ipddr
2023-10-19 09:15:27,245 [INFO] IPUIPlugin:80 - create IPUIPlugin
2023-10-19 09:15:27,245 [INFO] PluginManager:220 - loadIPPluginJar : add linkedlist
2023-10-19 09:15:27,261 [INFO] IPUIPlugin:80 - create IPUIPlugin
2023-10-19 09:15:27,262 [INFO] PluginManager:220 - loadIPPluginJar : add lorawan
2023-10-19 09:15:27,279 [INFO] IPUIPlugin:80 - create IPUIPlugin
2023-10-19 09:15:27,279 [INFO] PluginManager:220 - loadIPPluginJar : add ltdc
2023-10-19 09:15:27,285 [INFO] IPUIPlugin:80 - create IPUIPlugin
2023-10-19 09:15:27,286 [INFO] PluginManager:220 - loadIPPluginJar : add mdma
2023-10-19 09:15:27,291 [INFO] IPUIPlugin:80 - create IPUIPlugin
2023-10-19 09:15:27,291 [INFO] PluginManager:220 - loadIPPluginJar : add nvic
2023-10-19 09:15:27,307 [INFO] IPUIPlugin:80 - create IPUIPlugin
2023-10-19 09:15:27,307 [INFO] PluginManager:220 - loadIPPluginJar : add opamp
2023-10-19 09:15:27,346 [INFO] IPUIPlugin:80 - create IPUIPlugin
2023-10-19 09:15:27,346 [INFO] PluginManager:220 - loadIPPluginJar : add openamp
2023-10-19 09:15:27,366 [INFO] IPUIPlugin:80 - create IPUIPlugin
2023-10-19 09:15:27,367 [INFO] PluginManager:220 - loadIPPluginJar : add pdm2pcm
2023-10-19 09:15:27,374 [INFO] IPUIPlugin:80 - create IPUIPlugin
2023-10-19 09:15:27,375 [INFO] PluginManager:220 - loadIPPluginJar : add plateformsettings
2023-10-19 09:15:27,385 [INFO] IPUIPlugin:80 - create IPUIPlugin
2023-10-19 09:15:27,385 [INFO] PluginManager:220 - loadIPPluginJar : add quadspi
2023-10-19 09:15:27,391 [INFO] IPUIPlugin:80 - create IPUIPlugin
2023-10-19 09:15:27,391 [INFO] PluginManager:220 - loadIPPluginJar : add resmgrutility
2023-10-19 09:15:27,418 [INFO] IPUIPlugin:80 - create IPUIPlugin
2023-10-19 09:15:27,418 [INFO] PluginManager:220 - loadIPPluginJar : add sai
2023-10-19 09:15:27,434 [INFO] IPUIPlugin:80 - create IPUIPlugin
2023-10-19 09:15:27,434 [INFO] PluginManager:220 - loadIPPluginJar : add spi
2023-10-19 09:15:27,466 [INFO] IPUIPlugin:80 - create IPUIPlugin
2023-10-19 09:15:27,466 [INFO] PluginManager:220 - loadIPPluginJar : add stm32_wpan
2023-10-19 09:15:27,481 [INFO] IPUIPlugin:80 - create IPUIPlugin
2023-10-19 09:15:27,481 [INFO] PluginManager:220 - loadIPPluginJar : add tim
2023-10-19 09:15:27,509 [INFO] IPUIPlugin:80 - create IPUIPlugin
2023-10-19 09:15:27,509 [INFO] PluginManager:220 - loadIPPluginJar : add touchsensing
2023-10-19 09:15:27,521 [INFO] IPUIPlugin:80 - create IPUIPlugin
2023-10-19 09:15:27,521 [INFO] PluginManager:220 - loadIPPluginJar : add tracer_emb
2023-10-19 09:15:27,531 [INFO] IPUIPlugin:80 - create IPUIPlugin
2023-10-19 09:15:27,531 [INFO] PluginManager:220 - loadIPPluginJar : add ts
2023-10-19 09:15:27,540 [INFO] IPUIPlugin:80 - create IPUIPlugin
2023-10-19 09:15:27,540 [INFO] PluginManager:220 - loadIPPluginJar : add tsc
2023-10-19 09:15:27,553 [INFO] IPUIPlugin:80 - create IPUIPlugin
2023-10-19 09:15:27,553 [INFO] PluginManager:220 - loadIPPluginJar : add ucpd
2023-10-19 09:15:27,571 [INFO] IPUIPlugin:80 - create IPUIPlugin
2023-10-19 09:15:27,571 [INFO] PluginManager:220 - loadIPPluginJar : add usart
2023-10-19 09:15:27,592 [INFO] IPUIPlugin:80 - create IPUIPlugin
2023-10-19 09:15:27,592 [INFO] PluginManager:220 - loadIPPluginJar : add usbx
2023-10-19 09:15:27,690 [INFO] CADModel:165 - CPN selected for project level
2023-10-19 09:15:27,690 [INFO] CADModel:114 - Register for checkConnection events
2023-10-19 09:15:27,690 [FATAL] Updater:308 - Updater called before beeing initialized
2023-10-19 09:15:27,690 [ERROR] CADModel:125 - Updater not yet initialized, retry later 
2023-10-19 09:15:27,755 [INFO] CADModel:165 - CPN selected for project level
2023-10-19 09:15:27,755 [INFO] CADModel:114 - Register for checkConnection events
2023-10-19 09:15:27,755 [FATAL] Updater:308 - Updater called before beeing initialized
2023-10-19 09:15:27,755 [ERROR] CADModel:125 - Updater not yet initialized, retry later 
2023-10-19 09:15:27,757 [FATAL] Updater:308 - Updater called before beeing initialized
2023-10-19 09:15:27,807 [FATAL] Updater:308 - Updater called before beeing initialized
2023-10-19 09:15:27,813 [INFO] DbMcusAds:53 - JSON generation date=Tue Mar 07 17:50:55 KST 2023 (1678179055114)
2023-10-19 09:15:27,813 [FATAL] Updater:308 - Updater called before beeing initialized
2023-10-19 09:15:27,852 [WARN] DetailPanel:346 - Failed to get advertising image, set to default
2023-10-19 09:15:27,905 [FATAL] Updater:308 - Updater called before beeing initialized
2023-10-19 09:15:27,907 [FATAL] Updater:308 - Updater called before beeing initialized
2023-10-19 09:15:27,908 [FATAL] Updater:308 - Updater called before beeing initialized
2023-10-19 09:15:27,908 [WARN] DetailPanel:346 - Failed to get advertising image, set to default
2023-10-19 09:15:27,916 [FATAL] Updater:308 - Updater called before beeing initialized
2023-10-19 09:15:27,970 [ERROR] Updater:1120 - MainUpdater not yet initialized. External WinMGr cannot be set.
2023-10-19 09:15:27,975 [INFO] Updater:1056 - Updater Version found : 6.9.2
2023-10-19 09:15:27,985 [INFO] ApplicationProperties:184 - Using Application install path: C:\ST\STM32CubeIDE_1.12.0\STM32CubeIDE\plugins\com.st.stm32cube.common.mx_6.9.2.202309101412
2023-10-19 09:15:28,334 [INFO] MainUpdater:2868 - connection check result : 10
2023-10-19 09:15:28,335 [INFO] MainUpdater:285 - Updater Check For Update Now.
2023-10-19 09:15:28,335 [INFO] MicroXplorer:498 - Change Database Version : DB.6.0.92
2023-10-19 09:15:28,342 [INFO] McuFinderGlobals:63 - Set McuFinder mode to 2 (CubeIDE integrated)
2023-10-19 09:15:28,342 [INFO] UserAuth:179 - activating auth plugin
2023-10-19 09:15:28,344 [INFO] UserAuth:393 - Internet connection configuration mode: 1
2023-10-19 09:15:28,360 [INFO] JxBrowserEngine:151 - Initiate JxBrowser Engine with user profile folder
2023-10-19 09:15:28,476 [INFO] CheckServerUpdateThread:120 - End of CheckServer Thread
2023-10-19 09:15:29,537 [WARN] PackLoader:240 - Cannot read IP mode file for STMicroelectronics.X-CUBE-SMBUS.2.1.0
2023-10-19 09:15:29,566 [WARN] PackLoader:240 - Cannot read IP mode file for STMicroelectronics.X-CUBE-AZRTOS-F7.1.1.0
2023-10-19 09:15:29,575 [INFO] WebApp:157 - Instantiating new browser for Auth
2023-10-19 09:15:29,576 [WARN] PackLoader:240 - Cannot read IP mode file for STMicroelectronics.FP-SNS-MOTENV1.4.3.2
2023-10-19 09:15:29,586 [WARN] PackLoader:240 - Cannot read IP mode file for STMicroelectronics.FP-SNS-FLIGHT1.5.0.2
2023-10-19 09:15:29,597 [WARN] PackLoader:240 - Cannot read IP mode file for STMicroelectronics.X-CUBE-DISPLAY.3.0.0
2023-10-19 09:15:29,612 [WARN] PackLoader:240 - Cannot read IP mode file for STMicroelectronics.X-CUBE-BLE1.7.0.0
2023-10-19 09:15:29,620 [WARN] PackLoader:240 - Cannot read IP mode file for emotas.I-CUBE-CANOPEN.1.3.0
2023-10-19 09:15:29,628 [WARN] PackLoader:240 - Cannot read IP mode file for STMicroelectronics.X-CUBE-TOUCHGFX.4.22.1
2023-10-19 09:15:29,635 [WARN] PackLoader:240 - Cannot read IP mode file for STMicroelectronics.FP-SNS-SMARTAG2.1.2.0
2023-10-19 09:15:29,645 [INFO] LogOutputStream:77 - [STDOUT_REDIRECT] 1 : Invalid condition id : UX_CORESTACK_Condition cause : null
2023-10-19 09:15:29,646 [INFO] LogOutputStream:77 - [STDOUT_REDIRECT] 1 : Invalid condition id : UX_CORESTACK_Condition cause : null
2023-10-19 09:15:29,647 [INFO] LogOutputStream:77 - [STDOUT_REDIRECT] 1 : Invalid condition id : UX_CORESTACK_Condition cause : null
2023-10-19 09:15:29,648 [INFO] LogOutputStream:77 - [STDOUT_REDIRECT] 1 : Invalid condition id : UX_CORESTACK_Condition cause : null
2023-10-19 09:15:29,649 [INFO] LogOutputStream:77 - [STDOUT_REDIRECT] 1 : Invalid condition id : UX_CORESTACK_Condition cause : null
2023-10-19 09:15:29,652 [WARN] PackLoader:240 - Cannot read IP mode file for STMicroelectronics.X-CUBE-AZRTOS-WL.2.0.0
2023-10-19 09:15:29,661 [WARN] PackLoader:240 - Cannot read IP mode file for WES.I-CUBE-Cesium.1.3.0
2023-10-19 09:15:29,669 [WARN] PackLoader:240 - Cannot read IP mode file for STMicroelectronics.X-CUBE-BLE2.3.3.0
2023-10-19 09:15:29,677 [WARN] PackLoader:240 - Cannot read IP mode file for STMicroelectronics.X-CUBE-ALGOBUILD.1.3.0
2023-10-19 09:15:29,692 [WARN] PackLoader:240 - Cannot read IP mode file for STMicroelectronics.X-CUBE-AZRTOS-G0.1.1.0
2023-10-19 09:15:29,700 [WARN] PackLoader:240 - Cannot read IP mode file for STMicroelectronics.X-CUBE-NFC4.3.0.0
2023-10-19 09:15:29,707 [WARN] PackLoader:240 - Cannot read IP mode file for STMicroelectronics.FP-ATR-SIGFOX1.3.2.0
2023-10-19 09:15:29,725 [WARN] PackLoader:240 - Cannot read IP mode file for SEGGER.I-CUBE-embOS.1.3.1
2023-10-19 09:15:29,749 [WARN] PackLoader:240 - Cannot read IP mode file for STMicroelectronics.X-CUBE-GNSS1.6.0.0
2023-10-19 09:15:29,762 [WARN] PackLoader:240 - Cannot read IP mode file for STMicroelectronics.X-CUBE-AZRTOS-F4.1.1.0
2023-10-19 09:15:29,769 [WARN] PackLoader:240 - Cannot read IP mode file for wolfSSL.I-CUBE-wolfSSL.5.6.3
2023-10-19 09:15:29,783 [WARN] PackLoader:240 - Cannot read IP mode file for STMicroelectronics.X-CUBE-AZRTOS-L5.2.0.0
2023-10-19 09:15:29,804 [WARN] PackLoader:240 - Cannot read IP mode file for STMicroelectronics.X-CUBE-MEMS1.9.6.0
2023-10-19 09:15:29,871 [WARN] PackLoader:240 - Cannot read IP mode file for ITTIA_DB.I-CUBE-ITTIADB.8.8.0
2023-10-19 09:15:29,879 [WARN] PackLoader:240 - Cannot read IP mode file for STMicroelectronics.X-CUBE-BLEMGR.2.0.0
2023-10-19 09:15:29,902 [WARN] ConditionMgr:438 - getConditionDescription Invalid condition id : UX DEVICE CLASS RTOS Condition cause : null
2023-10-19 09:15:29,903 [WARN] ConditionMgr:438 - getConditionDescription Invalid condition id : UX DEVICE CLASS RTOS Condition cause : null
2023-10-19 09:15:29,905 [WARN] PackLoader:240 - Cannot read IP mode file for STMicroelectronics.X-CUBE-AZRTOS-H7.3.1.0
2023-10-19 09:15:29,916 [WARN] ConditionMgr:1039 - genDependencies : Invalid condition id : UX DEVICE CLASS RTOS Condition cause : null
2023-10-19 09:15:29,918 [WARN] ConditionMgr:1039 - genDependencies : Invalid condition id : UX DEVICE CLASS RTOS Condition cause : null
2023-10-19 09:15:29,919 [WARN] ConditionMgr:1039 - genDependencies : Invalid condition id : UX DEVICE CLASS RTOS Condition cause : null
2023-10-19 09:15:29,919 [WARN] ConditionMgr:1039 - genDependencies : Invalid condition id : UX DEVICE CLASS RTOS Condition cause : null
2023-10-19 09:15:29,919 [WARN] ConditionMgr:1039 - genDependencies : Invalid condition id : UX DEVICE CLASS RTOS Condition cause : null
2023-10-19 09:15:29,931 [WARN] PackLoader:240 - Cannot read IP mode file for STMicroelectronics.X-CUBE-NFC7.1.0.1
2023-10-19 09:15:29,945 [WARN] PackLoader:240 - Cannot read IP mode file for STMicroelectronics.X-CUBE-NFC6.3.0.0
2023-10-19 09:15:29,954 [WARN] PackLoader:240 - Cannot read IP mode file for STMicroelectronics.X-CUBE-EEPRMA1.4.1.0
2023-10-19 09:15:29,962 [WARN] PackLoader:240 - Cannot read IP mode file for STMicroelectronics.X-CUBE-AI.8.1.0
2023-10-19 09:15:29,982 [WARN] ConditionMgr:438 - getConditionDescription Invalid condition id : LAN8742 Phy interface Condition cause : null
2023-10-19 09:15:29,982 [WARN] PackLoader:240 - Cannot read IP mode file for STMicroelectronics.X-CUBE-AZRTOS-L4.2.0.0
2023-10-19 09:15:29,983 [WARN] ConditionMgr:1039 - genDependencies : Invalid condition id : LAN8742 Phy interface Condition cause : null
2023-10-19 09:15:29,984 [WARN] ConditionMgr:1039 - genDependencies : Invalid condition id : LAN8742 Phy interface Condition cause : null
2023-10-19 09:15:29,984 [WARN] ConditionMgr:1039 - genDependencies : Invalid condition id : LAN8742 Phy interface Condition cause : null
2023-10-19 09:15:29,994 [WARN] PackLoader:240 - Cannot read IP mode file for STMicroelectronics.X-CUBE-SFXS2LP1.4.0.0
2023-10-19 09:15:30,002 [WARN] PackLoader:240 - Cannot read IP mode file for STMicroelectronics.X-CUBE-ISPU.1.1.0
2023-10-19 09:15:30,014 [WARN] ConditionMgr:438 - getConditionDescription Invalid condition id : UX DEVICE CLASS RTOS Condition cause : null
2023-10-19 09:15:30,014 [WARN] ConditionMgr:438 - getConditionDescription Invalid condition id : UX DEVICE CLASS RTOS Condition cause : null
2023-10-19 09:15:30,015 [WARN] PackLoader:240 - Cannot read IP mode file for STMicroelectronics.X-CUBE-AZRTOS-WB.2.0.0
2023-10-19 09:15:30,015 [WARN] ConditionMgr:1039 - genDependencies : Invalid condition id : UX DEVICE CLASS RTOS Condition cause : null
2023-10-19 09:15:30,015 [WARN] ConditionMgr:1039 - genDependencies : Invalid condition id : UX DEVICE CLASS RTOS Condition cause : null
2023-10-19 09:15:30,015 [WARN] ConditionMgr:1039 - genDependencies : Invalid condition id : UX DEVICE CLASS RTOS Condition cause : null
2023-10-19 09:15:30,016 [WARN] ConditionMgr:1039 - genDependencies : Invalid condition id : UX DEVICE CLASS RTOS Condition cause : null
2023-10-19 09:15:30,016 [WARN] ConditionMgr:1039 - genDependencies : Invalid condition id : UX DEVICE CLASS RTOS Condition cause : null
2023-10-19 09:15:30,026 [WARN] PackLoader:240 - Cannot read IP mode file for STMicroelectronics.X-CUBE-SUBG2.5.0.0
2023-10-19 09:15:30,037 [WARN] PackLoader:240 - Cannot read IP mode file for STMicroelectronics.X-CUBE-TOF1.3.3.1
2023-10-19 09:15:30,054 [WARN] PackLoader:240 - Cannot read IP mode file for STMicroelectronics.X-CUBE-AZRTOS-G4.2.0.0
2023-10-19 09:15:30,067 [WARN] PackLoader:240 - Cannot read IP mode file for Infineon.AIROC-Wi-Fi-Bluetooth-STM32.1.5.1
2023-10-19 09:15:30,075 [WARN] PackLoader:240 - Cannot read IP mode file for STMicroelectronics.X-CUBE-FREERTOS.1.1.0
2023-10-19 09:15:30,081 [WARN] PackLoader:240 - Cannot read IP mode file for portGmbH.I-Cube-SoM-uGOAL.1.1.0
2023-10-19 09:15:30,086 [INFO] WebApp:753 - Register for checkConnection events
2023-10-19 09:15:30,087 [INFO] WebApp:390 - Apply proxy settings
2023-10-19 09:15:30,087 [INFO] WebApp:475 - Chromium requires no authentication
2023-10-19 09:15:30,087 [WARN] PackLoader:240 - Cannot read IP mode file for STMicroelectronics.X-CUBE-ALS.1.0.1
2023-10-19 09:15:30,094 [WARN] PackLoader:240 - Cannot read IP mode file for STMicroelectronics.FP-ATR-ASTRA1.2.0.0
2023-10-19 09:15:30,094 [INFO] ThirdParty:978 - Integrity check success = true
2023-10-19 09:15:30,094 [INFO] IntegrityCheckThread:100 - exiting critical section [integrity check]
2023-10-19 09:15:30,094 [INFO] IntegrityCheckThread:103 - End integrity checks thread
2023-10-19 09:15:30,098 [INFO] WebApp:418 - Direct internet connection detected
2023-10-19 09:15:30,222 [INFO] WebApp:188 - Starting web application
2023-10-19 09:15:30,222 [INFO] WebApp:520 - Web application path used C:\ST\STM32CubeIDE_1.12.0\STM32CubeIDE\plugins\com.st.stm32cube.common.mx_6.9.2.202309101412\db\plugins\mcufinder\reactClient1\index.html
2023-10-19 09:15:30,499 [ERROR] LogOutputStream:75 - [STDERR_REDIRECT] Oct 19, 2023 9:15:30 AM org.glassfish.grizzly.http.server.NetworkListener start
2023-10-19 09:15:30,499 [ERROR] LogOutputStream:75 - [STDERR_REDIRECT] INFO: Started listener bound to [localhost:1597]
2023-10-19 09:15:30,499 [ERROR] LogOutputStream:75 - [STDERR_REDIRECT] 
2023-10-19 09:15:30,500 [ERROR] LogOutputStream:75 - [STDERR_REDIRECT] Oct 19, 2023 9:15:30 AM org.glassfish.grizzly.http.server.HttpServer start
2023-10-19 09:15:30,500 [ERROR] LogOutputStream:75 - [STDERR_REDIRECT] INFO: [HttpServer] Started.
2023-10-19 09:15:30,500 [ERROR] LogOutputStream:75 - [STDERR_REDIRECT] 
2023-10-19 14:25:34,935 [ERROR] LogOutputStream:75 - [STDERR_REDIRECT] 
2023-10-19 14:25:34,936 [ERROR] LogOutputStream:75 - [STDERR_REDIRECT] 
2023-10-19 14:57:50,642 [INFO] Activator:176 - 


2023-10-19 14:57:50,642 [INFO] Activator:177 - !SESSION log4j initialized
2023-10-19 14:57:53,666 [INFO] LogOutputStream:77 - [STDOUT_REDIRECT] 
2023-10-19 14:57:54,694 [INFO] ApplicationProperties:184 - Using Application install path: C:\ST\STM32CubeIDE_1.12.0\STM32CubeIDE\plugins\com.st.stm32cube.common.mx_6.9.2.202309101412
2023-10-19 14:57:54,702 [INFO] DbMcusXml:78 - Set database path to: C:\ST\STM32CubeIDE_1.12.0\STM32CubeIDE\plugins\com.st.stm32cube.common.mx_6.9.2.202309101412\\db\/mcu/
2023-10-19 14:57:54,702 [INFO] ApiDb:274 - Set plugin database path to: C:\ST\STM32CubeIDE_1.12.0\STM32CubeIDE\plugins\com.st.stm32cube.common.mx_6.9.2.202309101412\\db\/plugins/boardmanager/
2023-10-19 14:57:54,702 [WARN] ApiDb:259 - Overriding images path with different value:  => C:\ST\STM32CubeIDE_1.12.0\STM32CubeIDE\plugins\com.st.stm32cube.common.mx_6.9.2.202309101412\\db\/plugins/mcufinder/images/
2023-10-19 14:57:54,706 [INFO] ApiDb:250 - Set database path to: C:\Users\USER\.stmcufinder\plugins\mcufinder//mcu/
2023-10-19 14:57:54,707 [INFO] DbMcusAds:125 - Set database path to: C:\Users\USER\.stmcufinder\plugins\mcufinder//mcu/
2023-10-19 14:57:54,708 [INFO] CrossReferenceDbSqlite:203 - Set database path to: C:\Users\USER\.stmcufinder\plugins\mcufinder//mcu/cs/
2023-10-19 14:57:54,781 [INFO] RulesReader:64 - Compatibility file has been processed (293 Rules)
2023-10-19 14:57:54,817 [INFO] DbMcusXml:78 - Set database path to: C:\ST\STM32CubeIDE_1.12.0\STM32CubeIDE\plugins\com.st.stm32cube.common.mx_6.9.2.202309101412\\db\/mcu/
2023-10-19 14:57:54,817 [INFO] ApiDb:274 - Set plugin database path to: C:\ST\STM32CubeIDE_1.12.0\STM32CubeIDE\plugins\com.st.stm32cube.common.mx_6.9.2.202309101412\\db\/plugins/boardmanager/
2023-10-19 14:57:54,817 [INFO] ApiDb:261 - Set plugin images path to: C:\ST\STM32CubeIDE_1.12.0\STM32CubeIDE\plugins\com.st.stm32cube.common.mx_6.9.2.202309101412\\db\/plugins/mcufinder/images/
2023-10-19 14:57:54,817 [WARN] DbFile:41 - Overriding database path with different value: C:\Users\USER\.stmcufinder\plugins\mcufinder/ => C:\Users\USER\.stmcufinder\plugins\mcufinder
2023-10-19 14:57:54,817 [INFO] ApiDb:250 - Set database path to: C:\Users\USER\.stmcufinder\plugins\mcufinder//mcu/
2023-10-19 14:57:54,817 [WARN] DbFile:41 - Overriding database path with different value: C:\Users\USER\.stmcufinder\plugins\mcufinder/ => C:\Users\USER\.stmcufinder\plugins\mcufinder
2023-10-19 14:57:54,817 [INFO] DbMcusAds:125 - Set database path to: C:\Users\USER\.stmcufinder\plugins\mcufinder//mcu/
2023-10-19 14:57:54,817 [WARN] DbFile:41 - Overriding database path with different value: C:\Users\USER\.stmcufinder\plugins\mcufinder/ => C:\Users\USER\.stmcufinder\plugins\mcufinder
2023-10-19 14:57:54,817 [WARN] DbFile:41 - Overriding database path with different value: C:\Users\USER\.stmcufinder\plugins\mcufinder/ => C:\Users\USER\.stmcufinder\plugins\mcufinder
2023-10-19 14:57:54,817 [INFO] CrossReferenceDbSqlite:203 - Set database path to: C:\Users\USER\.stmcufinder\plugins\mcufinder//mcu/cs/
2023-10-19 14:57:54,856 [INFO] MainPanel:262 - HeapMemory: 268435456
2023-10-19 14:57:54,913 [INFO] DbMcusXml:78 - Set database path to: C:\ST\STM32CubeIDE_1.12.0\STM32CubeIDE\plugins\com.st.stm32cube.common.mx_6.9.2.202309101412\\db\/mcu/
2023-10-19 14:57:54,913 [INFO] ApiDb:274 - Set plugin database path to: C:\ST\STM32CubeIDE_1.12.0\STM32CubeIDE\plugins\com.st.stm32cube.common.mx_6.9.2.202309101412\\db\/plugins/boardmanager/
2023-10-19 14:57:54,913 [INFO] ApiDb:261 - Set plugin images path to: C:\ST\STM32CubeIDE_1.12.0\STM32CubeIDE\plugins\com.st.stm32cube.common.mx_6.9.2.202309101412\\db\/plugins/mcufinder/images/
2023-10-19 14:57:54,913 [WARN] DbFile:41 - Overriding database path with different value: C:\Users\USER\.stmcufinder\plugins\mcufinder/ => C:\Users\USER\.stmcufinder\plugins\mcufinder
2023-10-19 14:57:54,913 [INFO] ApiDb:250 - Set database path to: C:\Users\USER\.stmcufinder\plugins\mcufinder//mcu/
2023-10-19 14:57:54,913 [WARN] DbFile:41 - Overriding database path with different value: C:\Users\USER\.stmcufinder\plugins\mcufinder/ => C:\Users\USER\.stmcufinder\plugins\mcufinder
2023-10-19 14:57:54,913 [INFO] DbMcusAds:125 - Set database path to: C:\Users\USER\.stmcufinder\plugins\mcufinder//mcu/
2023-10-19 14:57:54,913 [WARN] DbFile:41 - Overriding database path with different value: C:\Users\USER\.stmcufinder\plugins\mcufinder/ => C:\Users\USER\.stmcufinder\plugins\mcufinder
2023-10-19 14:57:54,913 [WARN] DbFile:41 - Overriding database path with different value: C:\Users\USER\.stmcufinder\plugins\mcufinder/ => C:\Users\USER\.stmcufinder\plugins\mcufinder
2023-10-19 14:57:54,913 [INFO] CrossReferenceDbSqlite:203 - Set database path to: C:\Users\USER\.stmcufinder\plugins\mcufinder//mcu/cs/
2023-10-19 14:57:54,923 [INFO] ApplicationProperties:184 - Using Application install path: C:\ST\STM32CubeIDE_1.12.0\STM32CubeIDE\plugins\com.st.stm32cube.common.mx_6.9.2.202309101412
2023-10-19 14:57:54,923 [INFO] PluginManage:196 - Search for loadable plugins [exclusion list=, ]
2023-10-19 14:57:54,924 [INFO] PluginManage:310 - Check plugin analytics
2023-10-19 14:57:55,033 [INFO] AnalyticsPlugin:253 - Accepted Software Licenses: 
2023-10-19 14:57:55,033 [INFO] AnalyticsPlugin:255 - Accepted CMSIS Pack Licenses: 
2023-10-19 14:57:55,034 [INFO] AnalyticsPlugin:257 - Accepted Firmware Licenses: FW.F4.1.27.0
2023-10-19 14:57:55,036 [INFO] PluginManage:359 - Loaded plugin analytics (category:tool,tabindex:-1)
2023-10-19 14:57:55,036 [INFO] PluginManage:310 - Check plugin cadmodel
2023-10-19 14:57:55,043 [INFO] CADModel:105 - Init CAD model plugin
2023-10-19 14:57:55,043 [INFO] PluginManage:359 - Loaded plugin cadmodel (category:power,tabindex:5)
2023-10-19 14:57:55,043 [INFO] PluginManage:310 - Check plugin clock
2023-10-19 14:57:55,054 [INFO] PluginManage:359 - Loaded plugin clock (category:base,tabindex:2)
2023-10-19 14:57:55,054 [INFO] PluginManage:310 - Check plugin ddr
2023-10-19 14:57:55,055 [INFO] PluginManage:359 - Loaded plugin ddr (category:tool,tabindex:6)
2023-10-19 14:57:55,055 [INFO] PluginManage:310 - Check plugin filemanager
2023-10-19 14:57:55,141 [INFO] PluginManage:359 - Loaded plugin filemanager (category:base,tabindex:10)
2023-10-19 14:57:55,141 [INFO] PluginManage:310 - Check plugin ipmanager
2023-10-19 14:57:55,144 [INFO] PluginManage:359 - Loaded plugin ipmanager (category:base,tabindex:5)
2023-10-19 14:57:55,145 [INFO] PluginManage:310 - Check plugin lpbam
2023-10-19 14:57:55,153 [INFO] PluginManage:359 - Loaded plugin lpbam (category:base,tabindex:0)
2023-10-19 14:57:55,153 [INFO] PluginManage:310 - Check plugin memorymap
2023-10-19 14:57:55,166 [INFO] PluginManage:359 - Loaded plugin memorymap (category:base,tabindex:4)
2023-10-19 14:57:55,166 [INFO] PluginManage:310 - Check plugin pinoutandconfiguration
2023-10-19 14:57:55,174 [INFO] PluginManage:359 - Loaded plugin pinoutandconfiguration (category:base,tabindex:1)
2023-10-19 14:57:55,174 [INFO] PluginManage:310 - Check plugin pinoutconfig
2023-10-19 14:57:55,234 [WARN] SupportedApi:132 - Cannot load RTOS API schema: s4s-elt-must-match.1: The content of 'definitions' must match (annotation?, (simpleType | complexType)?, (unique | key | keyref)*)). A problem was found starting at: attribute.
2023-10-19 14:57:55,384 [INFO] PluginManage:359 - Loaded plugin pinoutconfig (category:base,tabindex:0)
2023-10-19 14:57:55,384 [INFO] PluginManage:310 - Check plugin power
2023-10-19 14:57:55,394 [INFO] PluginManage:359 - Loaded plugin power (category:power,tabindex:4)
2023-10-19 14:57:55,394 [INFO] PluginManage:310 - Check plugin projectmanager
2023-10-19 14:57:55,403 [INFO] PluginManage:359 - Loaded plugin projectmanager (category:projectmanager,tabindex:3)
2023-10-19 14:57:55,403 [INFO] PluginManage:310 - Check plugin thirdparty
2023-10-19 14:57:55,535 [INFO] PluginManage:359 - Loaded plugin thirdparty (category:base,tabindex:-1)
2023-10-19 14:57:55,535 [WARN] IntegrityCheckThread:84 - waiting for thirdparty lock release [integrity check]
2023-10-19 14:57:55,535 [INFO] PluginManage:310 - Check plugin tools
2023-10-19 14:57:55,535 [INFO] IntegrityCheckThread:86 - entering critical section [integrity check]
2023-10-19 14:57:55,536 [INFO] ThirdPartyUpdaterWithRetryManager:70 - Updater plugin not ready yet. [1/15]
2023-10-19 14:57:55,552 [INFO] PluginManage:359 - Loaded plugin tools (category:base,tabindex:7)
2023-10-19 14:57:55,553 [INFO] PluginManage:310 - Check plugin tutovideos
2023-10-19 14:57:55,639 [INFO] PluginManage:359 - Loaded plugin tutovideos (category:base,tabindex:-1)
2023-10-19 14:57:55,639 [INFO] PluginManage:310 - Check plugin updater
2023-10-19 14:57:55,644 [INFO] PluginManage:359 - Loaded plugin updater (category:base,tabindex:12)
2023-10-19 14:57:55,644 [INFO] PluginManage:310 - Check plugin userauth
2023-10-19 14:57:55,646 [INFO] UserAuth:113 - Init User Auth plugin
2023-10-19 14:57:55,646 [INFO] PluginManage:359 - Loaded plugin userauth (category:base,tabindex:14)
2023-10-19 14:57:55,646 [INFO] PluginManage:283 - PluginManage : Loaded plugins [17]
2023-10-19 14:57:55,736 [INFO] PinOutPanel:1499 - setPackage(No Configuration,No Configuration)
2023-10-19 14:57:55,775 [INFO] CADModel:165 - CPN selected for project level
2023-10-19 14:57:55,775 [INFO] CADModel:114 - Register for checkConnection events
2023-10-19 14:57:55,786 [INFO] IPUIPlugin:80 - create IPUIPlugin
2023-10-19 14:57:55,786 [INFO] PluginManager:220 - loadIPPluginJar : add adc
2023-10-19 14:57:55,803 [INFO] IPUIPlugin:80 - create IPUIPlugin
2023-10-19 14:57:55,803 [INFO] PluginManager:220 - loadIPPluginJar : add aes
2023-10-19 14:57:55,821 [INFO] IPUIPlugin:80 - create IPUIPlugin
2023-10-19 14:57:55,821 [INFO] PluginManager:220 - loadIPPluginJar : add can
2023-10-19 14:57:55,831 [INFO] IPUIPlugin:80 - create IPUIPlugin
2023-10-19 14:57:55,831 [INFO] PluginManager:220 - loadIPPluginJar : add comp
2023-10-19 14:57:55,845 [INFO] IPUIPlugin:80 - create IPUIPlugin
2023-10-19 14:57:55,845 [INFO] PluginManager:220 - loadIPPluginJar : add cryp
2023-10-19 14:57:55,858 [INFO] IPUIPlugin:80 - create IPUIPlugin
2023-10-19 14:57:55,858 [INFO] PluginManager:220 - loadIPPluginJar : add dfsdm
2023-10-19 14:57:55,864 [INFO] IPUIPlugin:80 - create IPUIPlugin
2023-10-19 14:57:55,864 [INFO] PluginManager:220 - loadIPPluginJar : add dma
2023-10-19 14:57:55,882 [INFO] IPUIPlugin:80 - create IPUIPlugin
2023-10-19 14:57:55,883 [INFO] PluginManager:220 - loadIPPluginJar : add dma3
2023-10-19 14:57:55,891 [INFO] IPUIPlugin:80 - create IPUIPlugin
2023-10-19 14:57:55,892 [INFO] PluginManager:220 - loadIPPluginJar : add fatfs
2023-10-19 14:57:55,913 [INFO] IPUIPlugin:80 - create IPUIPlugin
2023-10-19 14:57:55,913 [INFO] PluginManager:220 - loadIPPluginJar : add fmc
2023-10-19 14:57:55,919 [INFO] IPUIPlugin:80 - create IPUIPlugin
2023-10-19 14:57:55,919 [INFO] PluginManager:220 - loadIPPluginJar : add freertos
2023-10-19 14:57:55,928 [INFO] IPUIPlugin:80 - create IPUIPlugin
2023-10-19 14:57:55,928 [INFO] PluginManager:220 - loadIPPluginJar : add genericplugin
2023-10-19 14:57:55,969 [INFO] IPUIPlugin:80 - create IPUIPlugin
2023-10-19 14:57:55,969 [INFO] PluginManager:220 - loadIPPluginJar : add gfxmmu
2023-10-19 14:57:56,029 [INFO] IPUIPlugin:80 - create IPUIPlugin
2023-10-19 14:57:56,030 [INFO] PluginManager:220 - loadIPPluginJar : add gic
2023-10-19 14:57:56,035 [INFO] IPUIPlugin:80 - create IPUIPlugin
2023-10-19 14:57:56,035 [INFO] PluginManager:220 - loadIPPluginJar : add gpio
2023-10-19 14:57:56,077 [INFO] IPUIPlugin:80 - create IPUIPlugin
2023-10-19 14:57:56,077 [INFO] PluginManager:220 - loadIPPluginJar : add gtzc
2023-10-19 14:57:56,091 [INFO] IPUIPlugin:80 - create IPUIPlugin
2023-10-19 14:57:56,091 [INFO] PluginManager:220 - loadIPPluginJar : add hash
2023-10-19 14:57:56,114 [INFO] IPUIPlugin:80 - create IPUIPlugin
2023-10-19 14:57:56,114 [INFO] PluginManager:220 - loadIPPluginJar : add i2c
2023-10-19 14:57:56,131 [INFO] IPUIPlugin:80 - create IPUIPlugin
2023-10-19 14:57:56,131 [INFO] PluginManager:220 - loadIPPluginJar : add i2s
2023-10-19 14:57:56,149 [INFO] IPUIPlugin:80 - create IPUIPlugin
2023-10-19 14:57:56,149 [INFO] PluginManager:220 - loadIPPluginJar : add i3c
2023-10-19 14:57:56,194 [INFO] IPUIPlugin:80 - create IPUIPlugin
2023-10-19 14:57:56,194 [INFO] PluginManager:220 - loadIPPluginJar : add ipddr
2023-10-19 14:57:56,233 [INFO] IPUIPlugin:80 - create IPUIPlugin
2023-10-19 14:57:56,233 [INFO] PluginManager:220 - loadIPPluginJar : add linkedlist
2023-10-19 14:57:56,248 [INFO] IPUIPlugin:80 - create IPUIPlugin
2023-10-19 14:57:56,248 [INFO] PluginManager:220 - loadIPPluginJar : add lorawan
2023-10-19 14:57:56,264 [INFO] IPUIPlugin:80 - create IPUIPlugin
2023-10-19 14:57:56,264 [INFO] PluginManager:220 - loadIPPluginJar : add ltdc
2023-10-19 14:57:56,271 [INFO] IPUIPlugin:80 - create IPUIPlugin
2023-10-19 14:57:56,271 [INFO] PluginManager:220 - loadIPPluginJar : add mdma
2023-10-19 14:57:56,276 [INFO] IPUIPlugin:80 - create IPUIPlugin
2023-10-19 14:57:56,276 [INFO] PluginManager:220 - loadIPPluginJar : add nvic
2023-10-19 14:57:56,291 [INFO] IPUIPlugin:80 - create IPUIPlugin
2023-10-19 14:57:56,291 [INFO] PluginManager:220 - loadIPPluginJar : add opamp
2023-10-19 14:57:56,317 [INFO] IPUIPlugin:80 - create IPUIPlugin
2023-10-19 14:57:56,317 [INFO] PluginManager:220 - loadIPPluginJar : add openamp
2023-10-19 14:57:56,336 [INFO] IPUIPlugin:80 - create IPUIPlugin
2023-10-19 14:57:56,336 [INFO] PluginManager:220 - loadIPPluginJar : add pdm2pcm
2023-10-19 14:57:56,349 [INFO] IPUIPlugin:80 - create IPUIPlugin
2023-10-19 14:57:56,350 [INFO] PluginManager:220 - loadIPPluginJar : add plateformsettings
2023-10-19 14:57:56,360 [INFO] IPUIPlugin:80 - create IPUIPlugin
2023-10-19 14:57:56,360 [INFO] PluginManager:220 - loadIPPluginJar : add quadspi
2023-10-19 14:57:56,366 [INFO] IPUIPlugin:80 - create IPUIPlugin
2023-10-19 14:57:56,366 [INFO] PluginManager:220 - loadIPPluginJar : add resmgrutility
2023-10-19 14:57:56,387 [INFO] IPUIPlugin:80 - create IPUIPlugin
2023-10-19 14:57:56,387 [INFO] PluginManager:220 - loadIPPluginJar : add sai
2023-10-19 14:57:56,402 [INFO] IPUIPlugin:80 - create IPUIPlugin
2023-10-19 14:57:56,402 [INFO] PluginManager:220 - loadIPPluginJar : add spi
2023-10-19 14:57:56,428 [INFO] IPUIPlugin:80 - create IPUIPlugin
2023-10-19 14:57:56,428 [INFO] PluginManager:220 - loadIPPluginJar : add stm32_wpan
2023-10-19 14:57:56,444 [INFO] IPUIPlugin:80 - create IPUIPlugin
2023-10-19 14:57:56,445 [INFO] PluginManager:220 - loadIPPluginJar : add tim
2023-10-19 14:57:56,476 [INFO] IPUIPlugin:80 - create IPUIPlugin
2023-10-19 14:57:56,477 [INFO] PluginManager:220 - loadIPPluginJar : add touchsensing
2023-10-19 14:57:56,488 [INFO] IPUIPlugin:80 - create IPUIPlugin
2023-10-19 14:57:56,488 [INFO] PluginManager:220 - loadIPPluginJar : add tracer_emb
2023-10-19 14:57:56,510 [INFO] IPUIPlugin:80 - create IPUIPlugin
2023-10-19 14:57:56,510 [INFO] PluginManager:220 - loadIPPluginJar : add ts
2023-10-19 14:57:56,522 [INFO] IPUIPlugin:80 - create IPUIPlugin
2023-10-19 14:57:56,522 [INFO] PluginManager:220 - loadIPPluginJar : add tsc
2023-10-19 14:57:56,532 [INFO] IPUIPlugin:80 - create IPUIPlugin
2023-10-19 14:57:56,532 [INFO] PluginManager:220 - loadIPPluginJar : add ucpd
2023-10-19 14:57:56,556 [INFO] IPUIPlugin:80 - create IPUIPlugin
2023-10-19 14:57:56,556 [INFO] PluginManager:220 - loadIPPluginJar : add usart
2023-10-19 14:57:56,578 [INFO] IPUIPlugin:80 - create IPUIPlugin
2023-10-19 14:57:56,578 [INFO] PluginManager:220 - loadIPPluginJar : add usbx
2023-10-19 14:57:56,675 [INFO] CADModel:165 - CPN selected for project level
2023-10-19 14:57:56,675 [INFO] CADModel:114 - Register for checkConnection events
2023-10-19 14:57:56,675 [FATAL] Updater:308 - Updater called before beeing initialized
2023-10-19 14:57:56,675 [ERROR] CADModel:125 - Updater not yet initialized, retry later 
2023-10-19 14:57:56,729 [INFO] CADModel:165 - CPN selected for project level
2023-10-19 14:57:56,729 [INFO] CADModel:114 - Register for checkConnection events
2023-10-19 14:57:56,729 [FATAL] Updater:308 - Updater called before beeing initialized
2023-10-19 14:57:56,729 [ERROR] CADModel:125 - Updater not yet initialized, retry later 
2023-10-19 14:57:56,731 [FATAL] Updater:308 - Updater called before beeing initialized
2023-10-19 14:57:56,776 [FATAL] Updater:308 - Updater called before beeing initialized
2023-10-19 14:57:56,782 [INFO] DbMcusAds:53 - JSON generation date=Tue Mar 07 17:50:55 KST 2023 (1678179055114)
2023-10-19 14:57:56,782 [FATAL] Updater:308 - Updater called before beeing initialized
2023-10-19 14:57:56,818 [WARN] DetailPanel:346 - Failed to get advertising image, set to default
2023-10-19 14:57:56,862 [FATAL] Updater:308 - Updater called before beeing initialized
2023-10-19 14:57:56,863 [FATAL] Updater:308 - Updater called before beeing initialized
2023-10-19 14:57:56,863 [FATAL] Updater:308 - Updater called before beeing initialized
2023-10-19 14:57:56,863 [WARN] DetailPanel:346 - Failed to get advertising image, set to default
2023-10-19 14:57:56,863 [FATAL] Updater:308 - Updater called before beeing initialized
2023-10-19 14:57:56,888 [ERROR] Updater:1120 - MainUpdater not yet initialized. External WinMGr cannot be set.
2023-10-19 14:57:56,892 [INFO] Updater:1056 - Updater Version found : 6.9.2
2023-10-19 14:57:56,901 [INFO] ApplicationProperties:184 - Using Application install path: C:\ST\STM32CubeIDE_1.12.0\STM32CubeIDE\plugins\com.st.stm32cube.common.mx_6.9.2.202309101412
2023-10-19 14:57:57,188 [INFO] MainUpdater:2868 - connection check result : 10
2023-10-19 14:57:57,189 [INFO] MainUpdater:285 - Updater Check For Update Now.
2023-10-19 14:57:57,189 [INFO] MicroXplorer:498 - Change Database Version : DB.6.0.92
2023-10-19 14:57:57,199 [INFO] McuFinderGlobals:63 - Set McuFinder mode to 2 (CubeIDE integrated)
2023-10-19 14:57:57,199 [INFO] UserAuth:179 - activating auth plugin
2023-10-19 14:57:57,200 [INFO] UserAuth:393 - Internet connection configuration mode: 1
2023-10-19 14:57:57,215 [INFO] JxBrowserEngine:151 - Initiate JxBrowser Engine with user profile folder
2023-10-19 14:57:57,347 [INFO] CheckServerUpdateThread:120 - End of CheckServer Thread
2023-10-19 14:57:57,974 [INFO] WebApp:157 - Instantiating new browser for Auth
2023-10-19 14:57:58,163 [INFO] WebApp:753 - Register for checkConnection events
2023-10-19 14:57:58,163 [INFO] WebApp:390 - Apply proxy settings
2023-10-19 14:57:58,163 [INFO] WebApp:475 - Chromium requires no authentication
2023-10-19 14:57:58,165 [INFO] WebApp:418 - Direct internet connection detected
2023-10-19 14:57:58,224 [INFO] WebApp:188 - Starting web application
2023-10-19 14:57:58,224 [INFO] WebApp:520 - Web application path used C:\ST\STM32CubeIDE_1.12.0\STM32CubeIDE\plugins\com.st.stm32cube.common.mx_6.9.2.202309101412\db\plugins\mcufinder\reactClient1\index.html
2023-10-19 14:57:58,437 [ERROR] LogOutputStream:75 - [STDERR_REDIRECT] Oct 19, 2023 2:57:58 PM org.glassfish.grizzly.http.server.NetworkListener start
2023-10-19 14:57:58,437 [ERROR] LogOutputStream:75 - [STDERR_REDIRECT] INFO: Started listener bound to [localhost:1593]
2023-10-19 14:57:58,437 [ERROR] LogOutputStream:75 - [STDERR_REDIRECT] 
2023-10-19 14:57:58,438 [ERROR] LogOutputStream:75 - [STDERR_REDIRECT] Oct 19, 2023 2:57:58 PM org.glassfish.grizzly.http.server.HttpServer start
2023-10-19 14:57:58,438 [ERROR] LogOutputStream:75 - [STDERR_REDIRECT] INFO: [HttpServer] Started.
2023-10-19 14:57:58,438 [ERROR] LogOutputStream:75 - [STDERR_REDIRECT] 
2023-10-19 14:57:58,593 [WARN] PackLoader:240 - Cannot read IP mode file for STMicroelectronics.X-CUBE-SMBUS.2.1.0
2023-10-19 14:57:58,614 [WARN] PackLoader:240 - Cannot read IP mode file for STMicroelectronics.X-CUBE-AZRTOS-F7.1.1.0
2023-10-19 14:57:58,627 [WARN] PackLoader:240 - Cannot read IP mode file for STMicroelectronics.FP-SNS-MOTENV1.4.3.2
2023-10-19 14:57:58,634 [WARN] PackLoader:240 - Cannot read IP mode file for STMicroelectronics.FP-SNS-FLIGHT1.5.0.2
2023-10-19 14:57:58,643 [WARN] PackLoader:240 - Cannot read IP mode file for STMicroelectronics.X-CUBE-DISPLAY.3.0.0
2023-10-19 14:57:58,654 [WARN] PackLoader:240 - Cannot read IP mode file for STMicroelectronics.X-CUBE-BLE1.7.0.0
2023-10-19 14:57:58,662 [WARN] PackLoader:240 - Cannot read IP mode file for emotas.I-CUBE-CANOPEN.1.3.0
2023-10-19 14:57:58,669 [WARN] PackLoader:240 - Cannot read IP mode file for STMicroelectronics.X-CUBE-TOUCHGFX.4.22.1
2023-10-19 14:57:58,673 [WARN] PackLoader:240 - Cannot read IP mode file for STMicroelectronics.FP-SNS-SMARTAG2.1.2.0
2023-10-19 14:57:58,682 [INFO] LogOutputStream:77 - [STDOUT_REDIRECT] 1 : Invalid condition id : UX_CORESTACK_Condition cause : null
2023-10-19 14:57:58,682 [INFO] LogOutputStream:77 - [STDOUT_REDIRECT] 1 : Invalid condition id : UX_CORESTACK_Condition cause : null
2023-10-19 14:57:58,683 [INFO] LogOutputStream:77 - [STDOUT_REDIRECT] 1 : Invalid condition id : UX_CORESTACK_Condition cause : null
2023-10-19 14:57:58,683 [INFO] LogOutputStream:77 - [STDOUT_REDIRECT] 1 : Invalid condition id : UX_CORESTACK_Condition cause : null
2023-10-19 14:57:58,683 [INFO] LogOutputStream:77 - [STDOUT_REDIRECT] 1 : Invalid condition id : UX_CORESTACK_Condition cause : null
2023-10-19 14:57:58,685 [WARN] PackLoader:240 - Cannot read IP mode file for STMicroelectronics.X-CUBE-AZRTOS-WL.2.0.0
2023-10-19 14:57:58,691 [WARN] PackLoader:240 - Cannot read IP mode file for WES.I-CUBE-Cesium.1.3.0
2023-10-19 14:57:58,696 [WARN] PackLoader:240 - Cannot read IP mode file for STMicroelectronics.X-CUBE-BLE2.3.3.0
2023-10-19 14:57:58,702 [WARN] PackLoader:240 - Cannot read IP mode file for STMicroelectronics.X-CUBE-ALGOBUILD.1.3.0
2023-10-19 14:57:58,715 [WARN] PackLoader:240 - Cannot read IP mode file for STMicroelectronics.X-CUBE-AZRTOS-G0.1.1.0
2023-10-19 14:57:58,722 [WARN] PackLoader:240 - Cannot read IP mode file for STMicroelectronics.X-CUBE-NFC4.3.0.0
2023-10-19 14:57:58,735 [WARN] PackLoader:240 - Cannot read IP mode file for STMicroelectronics.FP-ATR-SIGFOX1.3.2.0
2023-10-19 14:57:58,753 [WARN] PackLoader:240 - Cannot read IP mode file for SEGGER.I-CUBE-embOS.1.3.1
2023-10-19 14:57:58,786 [WARN] PackLoader:240 - Cannot read IP mode file for STMicroelectronics.X-CUBE-GNSS1.6.0.0
2023-10-19 14:57:58,802 [WARN] PackLoader:240 - Cannot read IP mode file for STMicroelectronics.X-CUBE-AZRTOS-F4.1.1.0
2023-10-19 14:57:58,817 [WARN] PackLoader:240 - Cannot read IP mode file for wolfSSL.I-CUBE-wolfSSL.5.6.3
2023-10-19 14:57:58,833 [WARN] PackLoader:240 - Cannot read IP mode file for STMicroelectronics.X-CUBE-AZRTOS-L5.2.0.0
2023-10-19 14:57:58,864 [WARN] PackLoader:240 - Cannot read IP mode file for STMicroelectronics.X-CUBE-MEMS1.9.6.0
2023-10-19 14:57:59,005 [WARN] PackLoader:240 - Cannot read IP mode file for ITTIA_DB.I-CUBE-ITTIADB.8.8.0
2023-10-19 14:57:59,025 [WARN] PackLoader:240 - Cannot read IP mode file for STMicroelectronics.X-CUBE-BLEMGR.2.0.0
2023-10-19 14:57:59,052 [WARN] ConditionMgr:438 - getConditionDescription Invalid condition id : UX DEVICE CLASS RTOS Condition cause : null
2023-10-19 14:57:59,052 [WARN] ConditionMgr:438 - getConditionDescription Invalid condition id : UX DEVICE CLASS RTOS Condition cause : null
2023-10-19 14:57:59,052 [WARN] PackLoader:240 - Cannot read IP mode file for STMicroelectronics.X-CUBE-AZRTOS-H7.3.1.0
2023-10-19 14:57:59,067 [WARN] ConditionMgr:1039 - genDependencies : Invalid condition id : UX DEVICE CLASS RTOS Condition cause : null
2023-10-19 14:57:59,067 [WARN] ConditionMgr:1039 - genDependencies : Invalid condition id : UX DEVICE CLASS RTOS Condition cause : null
2023-10-19 14:57:59,067 [WARN] ConditionMgr:1039 - genDependencies : Invalid condition id : UX DEVICE CLASS RTOS Condition cause : null
2023-10-19 14:57:59,067 [WARN] ConditionMgr:1039 - genDependencies : Invalid condition id : UX DEVICE CLASS RTOS Condition cause : null
2023-10-19 14:57:59,067 [WARN] ConditionMgr:1039 - genDependencies : Invalid condition id : UX DEVICE CLASS RTOS Condition cause : null
2023-10-19 14:57:59,083 [WARN] PackLoader:240 - Cannot read IP mode file for STMicroelectronics.X-CUBE-NFC7.1.0.1
2023-10-19 14:57:59,161 [WARN] PackLoader:240 - Cannot read IP mode file for STMicroelectronics.X-CUBE-NFC6.3.0.0
2023-10-19 14:57:59,177 [WARN] PackLoader:240 - Cannot read IP mode file for STMicroelectronics.X-CUBE-EEPRMA1.4.1.0
2023-10-19 14:57:59,192 [WARN] PackLoader:240 - Cannot read IP mode file for STMicroelectronics.X-CUBE-AI.8.1.0
2023-10-19 14:57:59,224 [WARN] ConditionMgr:438 - getConditionDescription Invalid condition id : LAN8742 Phy interface Condition cause : null
2023-10-19 14:57:59,224 [WARN] PackLoader:240 - Cannot read IP mode file for STMicroelectronics.X-CUBE-AZRTOS-L4.2.0.0
2023-10-19 14:57:59,239 [WARN] ConditionMgr:1039 - genDependencies : Invalid condition id : LAN8742 Phy interface Condition cause : null
2023-10-19 14:57:59,239 [WARN] ConditionMgr:1039 - genDependencies : Invalid condition id : LAN8742 Phy interface Condition cause : null
2023-10-19 14:57:59,239 [WARN] ConditionMgr:1039 - genDependencies : Invalid condition id : LAN8742 Phy interface Condition cause : null
2023-10-19 14:57:59,255 [WARN] PackLoader:240 - Cannot read IP mode file for STMicroelectronics.X-CUBE-SFXS2LP1.4.0.0
2023-10-19 14:57:59,271 [WARN] PackLoader:240 - Cannot read IP mode file for STMicroelectronics.X-CUBE-ISPU.1.1.0
2023-10-19 14:57:59,286 [WARN] ConditionMgr:438 - getConditionDescription Invalid condition id : UX DEVICE CLASS RTOS Condition cause : null
2023-10-19 14:57:59,286 [WARN] ConditionMgr:438 - getConditionDescription Invalid condition id : UX DEVICE CLASS RTOS Condition cause : null
2023-10-19 14:57:59,286 [WARN] PackLoader:240 - Cannot read IP mode file for STMicroelectronics.X-CUBE-AZRTOS-WB.2.0.0
2023-10-19 14:57:59,286 [WARN] ConditionMgr:1039 - genDependencies : Invalid condition id : UX DEVICE CLASS RTOS Condition cause : null
2023-10-19 14:57:59,286 [WARN] ConditionMgr:1039 - genDependencies : Invalid condition id : UX DEVICE CLASS RTOS Condition cause : null
2023-10-19 14:57:59,286 [WARN] ConditionMgr:1039 - genDependencies : Invalid condition id : UX DEVICE CLASS RTOS Condition cause : null
2023-10-19 14:57:59,286 [WARN] ConditionMgr:1039 - genDependencies : Invalid condition id : UX DEVICE CLASS RTOS Condition cause : null
2023-10-19 14:57:59,286 [WARN] ConditionMgr:1039 - genDependencies : Invalid condition id : UX DEVICE CLASS RTOS Condition cause : null
2023-10-19 14:57:59,302 [WARN] PackLoader:240 - Cannot read IP mode file for STMicroelectronics.X-CUBE-SUBG2.5.0.0
2023-10-19 14:57:59,333 [WARN] PackLoader:240 - Cannot read IP mode file for STMicroelectronics.X-CUBE-TOF1.3.3.1
2023-10-19 14:57:59,364 [WARN] PackLoader:240 - Cannot read IP mode file for STMicroelectronics.X-CUBE-AZRTOS-G4.2.0.0
2023-10-19 14:57:59,380 [WARN] PackLoader:240 - Cannot read IP mode file for Infineon.AIROC-Wi-Fi-Bluetooth-STM32.1.5.1
2023-10-19 14:57:59,396 [WARN] PackLoader:240 - Cannot read IP mode file for STMicroelectronics.X-CUBE-FREERTOS.1.1.0
2023-10-19 14:57:59,396 [WARN] PackLoader:240 - Cannot read IP mode file for portGmbH.I-Cube-SoM-uGOAL.1.1.0
2023-10-19 14:57:59,411 [WARN] PackLoader:240 - Cannot read IP mode file for STMicroelectronics.X-CUBE-ALS.1.0.1
2023-10-19 14:57:59,411 [WARN] PackLoader:240 - Cannot read IP mode file for STMicroelectronics.FP-ATR-ASTRA1.2.0.0
2023-10-19 14:57:59,411 [INFO] ThirdParty:978 - Integrity check success = true
2023-10-19 14:57:59,411 [INFO] IntegrityCheckThread:100 - exiting critical section [integrity check]
2023-10-19 14:57:59,411 [INFO] IntegrityCheckThread:103 - End integrity checks thread
2023-10-19 15:48:17,002 [ERROR] LogOutputStream:75 - [STDERR_REDIRECT] 
2023-10-19 15:48:17,003 [ERROR] LogOutputStream:75 - [STDERR_REDIRECT] 
