2023-10-11 09:34:15,648 [INFO] Activator:176 - 


2023-10-11 09:34:15,648 [INFO] Activator:177 - !SESSION log4j initialized
2023-10-11 09:34:18,330 [INFO] LogOutputStream:77 - [STDOUT_REDIRECT] 
2023-10-11 09:34:18,976 [INFO] ApplicationProperties:184 - Using Application install path: C:\ST\STM32CubeIDE_1.12.0\STM32CubeIDE\plugins\com.st.stm32cube.common.mx_6.9.2.202309101412
2023-10-11 09:34:19,005 [INFO] DbMcusXml:78 - Set database path to: C:\ST\STM32CubeIDE_1.12.0\STM32CubeIDE\plugins\com.st.stm32cube.common.mx_6.9.2.202309101412\\db\/mcu/
2023-10-11 09:34:19,006 [INFO] ApiDb:274 - Set plugin database path to: C:\ST\STM32CubeIDE_1.12.0\STM32CubeIDE\plugins\com.st.stm32cube.common.mx_6.9.2.202309101412\\db\/plugins/boardmanager/
2023-10-11 09:34:19,010 [WARN] ApiDb:259 - Overriding images path with different value:  => C:\ST\STM32CubeIDE_1.12.0\STM32CubeIDE\plugins\com.st.stm32cube.common.mx_6.9.2.202309101412\\db\/plugins/mcufinder/images/
2023-10-11 09:34:19,015 [INFO] ApiDb:250 - Set database path to: C:\Users\USER\.stmcufinder\plugins\mcufinder//mcu/
2023-10-11 09:34:19,016 [INFO] DbMcusAds:125 - Set database path to: C:\Users\USER\.stmcufinder\plugins\mcufinder//mcu/
2023-10-11 09:34:19,017 [INFO] CrossReferenceDbSqlite:203 - Set database path to: C:\Users\USER\.stmcufinder\plugins\mcufinder//mcu/cs/
2023-10-11 09:34:19,067 [INFO] RulesReader:64 - Compatibility file has been processed (293 Rules)
2023-10-11 09:34:19,098 [INFO] DbMcusXml:78 - Set database path to: C:\ST\STM32CubeIDE_1.12.0\STM32CubeIDE\plugins\com.st.stm32cube.common.mx_6.9.2.202309101412\\db\/mcu/
2023-10-11 09:34:19,098 [INFO] ApiDb:274 - Set plugin database path to: C:\ST\STM32CubeIDE_1.12.0\STM32CubeIDE\plugins\com.st.stm32cube.common.mx_6.9.2.202309101412\\db\/plugins/boardmanager/
2023-10-11 09:34:19,098 [INFO] ApiDb:261 - Set plugin images path to: C:\ST\STM32CubeIDE_1.12.0\STM32CubeIDE\plugins\com.st.stm32cube.common.mx_6.9.2.202309101412\\db\/plugins/mcufinder/images/
2023-10-11 09:34:19,098 [WARN] DbFile:41 - Overriding database path with different value: C:\Users\USER\.stmcufinder\plugins\mcufinder/ => C:\Users\USER\.stmcufinder\plugins\mcufinder
2023-10-11 09:34:19,099 [INFO] ApiDb:250 - Set database path to: C:\Users\USER\.stmcufinder\plugins\mcufinder//mcu/
2023-10-11 09:34:19,099 [WARN] DbFile:41 - Overriding database path with different value: C:\Users\USER\.stmcufinder\plugins\mcufinder/ => C:\Users\USER\.stmcufinder\plugins\mcufinder
2023-10-11 09:34:19,099 [INFO] DbMcusAds:125 - Set database path to: C:\Users\USER\.stmcufinder\plugins\mcufinder//mcu/
2023-10-11 09:34:19,099 [WARN] DbFile:41 - Overriding database path with different value: C:\Users\USER\.stmcufinder\plugins\mcufinder/ => C:\Users\USER\.stmcufinder\plugins\mcufinder
2023-10-11 09:34:19,099 [WARN] DbFile:41 - Overriding database path with different value: C:\Users\USER\.stmcufinder\plugins\mcufinder/ => C:\Users\USER\.stmcufinder\plugins\mcufinder
2023-10-11 09:34:19,099 [INFO] CrossReferenceDbSqlite:203 - Set database path to: C:\Users\USER\.stmcufinder\plugins\mcufinder//mcu/cs/
2023-10-11 09:34:19,138 [INFO] MainPanel:262 - HeapMemory: 268435456
2023-10-11 09:34:19,190 [INFO] DbMcusXml:78 - Set database path to: C:\ST\STM32CubeIDE_1.12.0\STM32CubeIDE\plugins\com.st.stm32cube.common.mx_6.9.2.202309101412\\db\/mcu/
2023-10-11 09:34:19,191 [INFO] ApiDb:274 - Set plugin database path to: C:\ST\STM32CubeIDE_1.12.0\STM32CubeIDE\plugins\com.st.stm32cube.common.mx_6.9.2.202309101412\\db\/plugins/boardmanager/
2023-10-11 09:34:19,191 [INFO] ApiDb:261 - Set plugin images path to: C:\ST\STM32CubeIDE_1.12.0\STM32CubeIDE\plugins\com.st.stm32cube.common.mx_6.9.2.202309101412\\db\/plugins/mcufinder/images/
2023-10-11 09:34:19,191 [WARN] DbFile:41 - Overriding database path with different value: C:\Users\USER\.stmcufinder\plugins\mcufinder/ => C:\Users\USER\.stmcufinder\plugins\mcufinder
2023-10-11 09:34:19,191 [INFO] ApiDb:250 - Set database path to: C:\Users\USER\.stmcufinder\plugins\mcufinder//mcu/
2023-10-11 09:34:19,191 [WARN] DbFile:41 - Overriding database path with different value: C:\Users\USER\.stmcufinder\plugins\mcufinder/ => C:\Users\USER\.stmcufinder\plugins\mcufinder
2023-10-11 09:34:19,191 [INFO] DbMcusAds:125 - Set database path to: C:\Users\USER\.stmcufinder\plugins\mcufinder//mcu/
2023-10-11 09:34:19,191 [WARN] DbFile:41 - Overriding database path with different value: C:\Users\USER\.stmcufinder\plugins\mcufinder/ => C:\Users\USER\.stmcufinder\plugins\mcufinder
2023-10-11 09:34:19,191 [WARN] DbFile:41 - Overriding database path with different value: C:\Users\USER\.stmcufinder\plugins\mcufinder/ => C:\Users\USER\.stmcufinder\plugins\mcufinder
2023-10-11 09:34:19,191 [INFO] CrossReferenceDbSqlite:203 - Set database path to: C:\Users\USER\.stmcufinder\plugins\mcufinder//mcu/cs/
2023-10-11 09:34:19,200 [INFO] ApplicationProperties:184 - Using Application install path: C:\ST\STM32CubeIDE_1.12.0\STM32CubeIDE\plugins\com.st.stm32cube.common.mx_6.9.2.202309101412
2023-10-11 09:34:19,200 [INFO] PluginManage:196 - Search for loadable plugins [exclusion list=, ]
2023-10-11 09:34:19,201 [INFO] PluginManage:310 - Check plugin analytics
2023-10-11 09:34:19,285 [INFO] AnalyticsPlugin:253 - Accepted Software Licenses: 
2023-10-11 09:34:19,285 [INFO] AnalyticsPlugin:255 - Accepted CMSIS Pack Licenses: 
2023-10-11 09:34:19,285 [INFO] AnalyticsPlugin:257 - Accepted Firmware Licenses: FW.F4.1.27.0
2023-10-11 09:34:19,287 [INFO] PluginManage:359 - Loaded plugin analytics (category:tool,tabindex:-1)
2023-10-11 09:34:19,287 [INFO] PluginManage:310 - Check plugin cadmodel
2023-10-11 09:34:19,290 [INFO] CADModel:105 - Init CAD model plugin
2023-10-11 09:34:19,290 [INFO] PluginManage:359 - Loaded plugin cadmodel (category:power,tabindex:5)
2023-10-11 09:34:19,290 [INFO] PluginManage:310 - Check plugin clock
2023-10-11 09:34:19,296 [INFO] PluginManage:359 - Loaded plugin clock (category:base,tabindex:2)
2023-10-11 09:34:19,296 [INFO] PluginManage:310 - Check plugin ddr
2023-10-11 09:34:19,297 [INFO] PluginManage:359 - Loaded plugin ddr (category:tool,tabindex:6)
2023-10-11 09:34:19,297 [INFO] PluginManage:310 - Check plugin filemanager
2023-10-11 09:34:19,369 [INFO] PluginManage:359 - Loaded plugin filemanager (category:base,tabindex:10)
2023-10-11 09:34:19,369 [INFO] PluginManage:310 - Check plugin ipmanager
2023-10-11 09:34:19,373 [INFO] PluginManage:359 - Loaded plugin ipmanager (category:base,tabindex:5)
2023-10-11 09:34:19,373 [INFO] PluginManage:310 - Check plugin lpbam
2023-10-11 09:34:19,378 [INFO] PluginManage:359 - Loaded plugin lpbam (category:base,tabindex:0)
2023-10-11 09:34:19,379 [INFO] PluginManage:310 - Check plugin memorymap
2023-10-11 09:34:19,386 [INFO] PluginManage:359 - Loaded plugin memorymap (category:base,tabindex:4)
2023-10-11 09:34:19,386 [INFO] PluginManage:310 - Check plugin pinoutandconfiguration
2023-10-11 09:34:19,390 [INFO] PluginManage:359 - Loaded plugin pinoutandconfiguration (category:base,tabindex:1)
2023-10-11 09:34:19,390 [INFO] PluginManage:310 - Check plugin pinoutconfig
2023-10-11 09:34:19,437 [WARN] SupportedApi:132 - Cannot load RTOS API schema: s4s-elt-must-match.1: The content of 'definitions' must match (annotation?, (simpleType | complexType)?, (unique | key | keyref)*)). A problem was found starting at: attribute.
2023-10-11 09:34:19,511 [INFO] PluginManage:359 - Loaded plugin pinoutconfig (category:base,tabindex:0)
2023-10-11 09:34:19,511 [INFO] PluginManage:310 - Check plugin power
2023-10-11 09:34:19,517 [INFO] PluginManage:359 - Loaded plugin power (category:power,tabindex:4)
2023-10-11 09:34:19,517 [INFO] PluginManage:310 - Check plugin projectmanager
2023-10-11 09:34:19,525 [INFO] PluginManage:359 - Loaded plugin projectmanager (category:projectmanager,tabindex:3)
2023-10-11 09:34:19,525 [INFO] PluginManage:310 - Check plugin thirdparty
2023-10-11 09:34:19,620 [WARN] IntegrityCheckThread:84 - waiting for thirdparty lock release [integrity check]
2023-10-11 09:34:19,620 [INFO] IntegrityCheckThread:86 - entering critical section [integrity check]
2023-10-11 09:34:19,620 [INFO] PluginManage:359 - Loaded plugin thirdparty (category:base,tabindex:-1)
2023-10-11 09:34:19,620 [INFO] PluginManage:310 - Check plugin tools
2023-10-11 09:34:19,620 [INFO] ThirdPartyUpdaterWithRetryManager:70 - Updater plugin not ready yet. [1/15]
2023-10-11 09:34:19,621 [INFO] PluginManage:359 - Loaded plugin tools (category:base,tabindex:7)
2023-10-11 09:34:19,621 [INFO] PluginManage:310 - Check plugin tutovideos
2023-10-11 09:34:19,716 [INFO] PluginManage:359 - Loaded plugin tutovideos (category:base,tabindex:-1)
2023-10-11 09:34:19,716 [INFO] PluginManage:310 - Check plugin updater
2023-10-11 09:34:19,722 [INFO] PluginManage:359 - Loaded plugin updater (category:base,tabindex:12)
2023-10-11 09:34:19,722 [INFO] PluginManage:310 - Check plugin userauth
2023-10-11 09:34:19,725 [INFO] UserAuth:113 - Init User Auth plugin
2023-10-11 09:34:19,725 [INFO] PluginManage:359 - Loaded plugin userauth (category:base,tabindex:14)
2023-10-11 09:34:19,726 [INFO] PluginManage:283 - PluginManage : Loaded plugins [17]
2023-10-11 09:34:19,827 [INFO] PinOutPanel:1499 - setPackage(No Configuration,No Configuration)
2023-10-11 09:34:19,871 [INFO] CADModel:165 - CPN selected for project level
2023-10-11 09:34:19,871 [INFO] CADModel:114 - Register for checkConnection events
2023-10-11 09:34:19,880 [INFO] IPUIPlugin:80 - create IPUIPlugin
2023-10-11 09:34:19,880 [INFO] PluginManager:220 - loadIPPluginJar : add adc
2023-10-11 09:34:19,881 [INFO] IPUIPlugin:80 - create IPUIPlugin
2023-10-11 09:34:19,881 [INFO] PluginManager:220 - loadIPPluginJar : add aes
2023-10-11 09:34:19,882 [INFO] IPUIPlugin:80 - create IPUIPlugin
2023-10-11 09:34:19,882 [INFO] PluginManager:220 - loadIPPluginJar : add can
2023-10-11 09:34:19,883 [INFO] IPUIPlugin:80 - create IPUIPlugin
2023-10-11 09:34:19,883 [INFO] PluginManager:220 - loadIPPluginJar : add comp
2023-10-11 09:34:19,884 [INFO] IPUIPlugin:80 - create IPUIPlugin
2023-10-11 09:34:19,884 [INFO] PluginManager:220 - loadIPPluginJar : add cryp
2023-10-11 09:34:19,885 [INFO] IPUIPlugin:80 - create IPUIPlugin
2023-10-11 09:34:19,885 [INFO] PluginManager:220 - loadIPPluginJar : add dfsdm
2023-10-11 09:34:19,887 [INFO] IPUIPlugin:80 - create IPUIPlugin
2023-10-11 09:34:19,888 [INFO] PluginManager:220 - loadIPPluginJar : add dma
2023-10-11 09:34:19,888 [INFO] IPUIPlugin:80 - create IPUIPlugin
2023-10-11 09:34:19,888 [INFO] PluginManager:220 - loadIPPluginJar : add dma3
2023-10-11 09:34:19,889 [INFO] IPUIPlugin:80 - create IPUIPlugin
2023-10-11 09:34:19,889 [INFO] PluginManager:220 - loadIPPluginJar : add fatfs
2023-10-11 09:34:19,891 [INFO] IPUIPlugin:80 - create IPUIPlugin
2023-10-11 09:34:19,891 [INFO] PluginManager:220 - loadIPPluginJar : add fmc
2023-10-11 09:34:19,893 [INFO] IPUIPlugin:80 - create IPUIPlugin
2023-10-11 09:34:19,894 [INFO] PluginManager:220 - loadIPPluginJar : add freertos
2023-10-11 09:34:19,894 [INFO] IPUIPlugin:80 - create IPUIPlugin
2023-10-11 09:34:19,894 [INFO] PluginManager:220 - loadIPPluginJar : add genericplugin
2023-10-11 09:34:19,895 [INFO] IPUIPlugin:80 - create IPUIPlugin
2023-10-11 09:34:19,895 [INFO] PluginManager:220 - loadIPPluginJar : add gfxmmu
2023-10-11 09:34:19,898 [INFO] IPUIPlugin:80 - create IPUIPlugin
2023-10-11 09:34:19,898 [INFO] PluginManager:220 - loadIPPluginJar : add gic
2023-10-11 09:34:19,899 [INFO] IPUIPlugin:80 - create IPUIPlugin
2023-10-11 09:34:19,899 [INFO] PluginManager:220 - loadIPPluginJar : add gpio
2023-10-11 09:34:19,900 [INFO] IPUIPlugin:80 - create IPUIPlugin
2023-10-11 09:34:19,900 [INFO] PluginManager:220 - loadIPPluginJar : add gtzc
2023-10-11 09:34:19,901 [INFO] IPUIPlugin:80 - create IPUIPlugin
2023-10-11 09:34:19,901 [INFO] PluginManager:220 - loadIPPluginJar : add hash
2023-10-11 09:34:19,902 [INFO] IPUIPlugin:80 - create IPUIPlugin
2023-10-11 09:34:19,902 [INFO] PluginManager:220 - loadIPPluginJar : add i2c
2023-10-11 09:34:19,903 [INFO] IPUIPlugin:80 - create IPUIPlugin
2023-10-11 09:34:19,903 [INFO] PluginManager:220 - loadIPPluginJar : add i2s
2023-10-11 09:34:19,904 [INFO] IPUIPlugin:80 - create IPUIPlugin
2023-10-11 09:34:19,904 [INFO] PluginManager:220 - loadIPPluginJar : add i3c
2023-10-11 09:34:19,905 [INFO] IPUIPlugin:80 - create IPUIPlugin
2023-10-11 09:34:19,906 [INFO] PluginManager:220 - loadIPPluginJar : add ipddr
2023-10-11 09:34:19,909 [INFO] IPUIPlugin:80 - create IPUIPlugin
2023-10-11 09:34:19,909 [INFO] PluginManager:220 - loadIPPluginJar : add linkedlist
2023-10-11 09:34:19,910 [INFO] IPUIPlugin:80 - create IPUIPlugin
2023-10-11 09:34:19,910 [INFO] PluginManager:220 - loadIPPluginJar : add lorawan
2023-10-11 09:34:19,911 [INFO] IPUIPlugin:80 - create IPUIPlugin
2023-10-11 09:34:19,911 [INFO] PluginManager:220 - loadIPPluginJar : add ltdc
2023-10-11 09:34:19,914 [INFO] IPUIPlugin:80 - create IPUIPlugin
2023-10-11 09:34:19,914 [INFO] PluginManager:220 - loadIPPluginJar : add mdma
2023-10-11 09:34:19,915 [INFO] IPUIPlugin:80 - create IPUIPlugin
2023-10-11 09:34:19,916 [INFO] PluginManager:220 - loadIPPluginJar : add nvic
2023-10-11 09:34:19,916 [INFO] IPUIPlugin:80 - create IPUIPlugin
2023-10-11 09:34:19,916 [INFO] PluginManager:220 - loadIPPluginJar : add opamp
2023-10-11 09:34:19,918 [INFO] IPUIPlugin:80 - create IPUIPlugin
2023-10-11 09:34:19,918 [INFO] PluginManager:220 - loadIPPluginJar : add openamp
2023-10-11 09:34:19,920 [INFO] IPUIPlugin:80 - create IPUIPlugin
2023-10-11 09:34:19,920 [INFO] PluginManager:220 - loadIPPluginJar : add pdm2pcm
2023-10-11 09:34:19,922 [INFO] IPUIPlugin:80 - create IPUIPlugin
2023-10-11 09:34:19,923 [INFO] PluginManager:220 - loadIPPluginJar : add plateformsettings
2023-10-11 09:34:19,924 [INFO] IPUIPlugin:80 - create IPUIPlugin
2023-10-11 09:34:19,924 [INFO] PluginManager:220 - loadIPPluginJar : add quadspi
2023-10-11 09:34:19,925 [INFO] IPUIPlugin:80 - create IPUIPlugin
2023-10-11 09:34:19,926 [INFO] PluginManager:220 - loadIPPluginJar : add resmgrutility
2023-10-11 09:34:19,928 [INFO] IPUIPlugin:80 - create IPUIPlugin
2023-10-11 09:34:19,928 [INFO] PluginManager:220 - loadIPPluginJar : add sai
2023-10-11 09:34:19,930 [INFO] IPUIPlugin:80 - create IPUIPlugin
2023-10-11 09:34:19,930 [INFO] PluginManager:220 - loadIPPluginJar : add spi
2023-10-11 09:34:19,932 [INFO] IPUIPlugin:80 - create IPUIPlugin
2023-10-11 09:34:19,932 [INFO] PluginManager:220 - loadIPPluginJar : add stm32_wpan
2023-10-11 09:34:19,933 [INFO] IPUIPlugin:80 - create IPUIPlugin
2023-10-11 09:34:19,933 [INFO] PluginManager:220 - loadIPPluginJar : add tim
2023-10-11 09:34:19,935 [INFO] IPUIPlugin:80 - create IPUIPlugin
2023-10-11 09:34:19,935 [INFO] PluginManager:220 - loadIPPluginJar : add touchsensing
2023-10-11 09:34:19,937 [INFO] IPUIPlugin:80 - create IPUIPlugin
2023-10-11 09:34:19,937 [INFO] PluginManager:220 - loadIPPluginJar : add tracer_emb
2023-10-11 09:34:19,938 [INFO] IPUIPlugin:80 - create IPUIPlugin
2023-10-11 09:34:19,938 [INFO] PluginManager:220 - loadIPPluginJar : add ts
2023-10-11 09:34:19,939 [INFO] IPUIPlugin:80 - create IPUIPlugin
2023-10-11 09:34:19,939 [INFO] PluginManager:220 - loadIPPluginJar : add tsc
2023-10-11 09:34:19,940 [INFO] IPUIPlugin:80 - create IPUIPlugin
2023-10-11 09:34:19,940 [INFO] PluginManager:220 - loadIPPluginJar : add ucpd
2023-10-11 09:34:19,942 [INFO] IPUIPlugin:80 - create IPUIPlugin
2023-10-11 09:34:19,942 [INFO] PluginManager:220 - loadIPPluginJar : add usart
2023-10-11 09:34:19,943 [INFO] IPUIPlugin:80 - create IPUIPlugin
2023-10-11 09:34:19,943 [INFO] PluginManager:220 - loadIPPluginJar : add usbx
2023-10-11 09:34:20,039 [INFO] CADModel:165 - CPN selected for project level
2023-10-11 09:34:20,039 [INFO] CADModel:114 - Register for checkConnection events
2023-10-11 09:34:20,039 [FATAL] Updater:308 - Updater called before beeing initialized
2023-10-11 09:34:20,039 [ERROR] CADModel:125 - Updater not yet initialized, retry later 
2023-10-11 09:34:20,108 [INFO] CADModel:165 - CPN selected for project level
2023-10-11 09:34:20,108 [INFO] CADModel:114 - Register for checkConnection events
2023-10-11 09:34:20,108 [FATAL] Updater:308 - Updater called before beeing initialized
2023-10-11 09:34:20,108 [ERROR] CADModel:125 - Updater not yet initialized, retry later 
2023-10-11 09:34:20,109 [FATAL] Updater:308 - Updater called before beeing initialized
2023-10-11 09:34:20,164 [FATAL] Updater:308 - Updater called before beeing initialized
2023-10-11 09:34:20,167 [INFO] DbMcusAds:53 - JSON generation date=Tue Mar 07 17:50:55 KST 2023 (1678179055114)
2023-10-11 09:34:20,167 [FATAL] Updater:308 - Updater called before beeing initialized
2023-10-11 09:34:20,188 [WARN] DetailPanel:346 - Failed to get advertising image, set to default
2023-10-11 09:34:20,233 [FATAL] Updater:308 - Updater called before beeing initialized
2023-10-11 09:34:20,234 [FATAL] Updater:308 - Updater called before beeing initialized
2023-10-11 09:34:20,234 [FATAL] Updater:308 - Updater called before beeing initialized
2023-10-11 09:34:20,234 [WARN] DetailPanel:346 - Failed to get advertising image, set to default
2023-10-11 09:34:20,234 [FATAL] Updater:308 - Updater called before beeing initialized
2023-10-11 09:34:20,263 [ERROR] Updater:1120 - MainUpdater not yet initialized. External WinMGr cannot be set.
2023-10-11 09:34:20,263 [INFO] Updater:1056 - Updater Version found : 6.9.2
2023-10-11 09:34:20,274 [INFO] ApplicationProperties:184 - Using Application install path: C:\ST\STM32CubeIDE_1.12.0\STM32CubeIDE\plugins\com.st.stm32cube.common.mx_6.9.2.202309101412
2023-10-11 09:34:20,642 [INFO] MainUpdater:2868 - connection check result : 10
2023-10-11 09:34:20,642 [INFO] MainUpdater:285 - Updater Check For Update Now.
2023-10-11 09:34:20,643 [INFO] MicroXplorer:498 - Change Database Version : DB.6.0.92
2023-10-11 09:34:20,646 [INFO] McuFinderGlobals:63 - Set McuFinder mode to 2 (CubeIDE integrated)
2023-10-11 09:34:20,646 [INFO] UserAuth:179 - activating auth plugin
2023-10-11 09:34:20,647 [INFO] UserAuth:393 - Internet connection configuration mode: 1
2023-10-11 09:34:20,670 [INFO] JxBrowserEngine:151 - Initiate JxBrowser Engine with user profile folder
2023-10-11 09:34:20,786 [INFO] CheckServerUpdateThread:120 - End of CheckServer Thread
2023-10-11 09:34:21,537 [INFO] WebApp:157 - Instantiating new browser for Auth
2023-10-11 09:34:21,797 [INFO] WebApp:753 - Register for checkConnection events
2023-10-11 09:34:21,797 [INFO] WebApp:390 - Apply proxy settings
2023-10-11 09:34:21,797 [INFO] WebApp:475 - Chromium requires no authentication
2023-10-11 09:34:21,801 [INFO] WebApp:418 - Direct internet connection detected
2023-10-11 09:34:21,895 [INFO] WebApp:188 - Starting web application
2023-10-11 09:34:21,895 [INFO] WebApp:520 - Web application path used C:\ST\STM32CubeIDE_1.12.0\STM32CubeIDE\plugins\com.st.stm32cube.common.mx_6.9.2.202309101412\db\plugins\mcufinder\reactClient1\index.html
2023-10-11 09:34:22,085 [ERROR] LogOutputStream:75 - [STDERR_REDIRECT] Oct 11, 2023 9:34:22 AM org.glassfish.grizzly.http.server.NetworkListener start
2023-10-11 09:34:22,085 [ERROR] LogOutputStream:75 - [STDERR_REDIRECT] INFO: Started listener bound to [localhost:1594]
2023-10-11 09:34:22,085 [ERROR] LogOutputStream:75 - [STDERR_REDIRECT] 
2023-10-11 09:34:22,086 [ERROR] LogOutputStream:75 - [STDERR_REDIRECT] Oct 11, 2023 9:34:22 AM org.glassfish.grizzly.http.server.HttpServer start
2023-10-11 09:34:22,086 [ERROR] LogOutputStream:75 - [STDERR_REDIRECT] INFO: [HttpServer] Started.
2023-10-11 09:34:22,086 [ERROR] LogOutputStream:75 - [STDERR_REDIRECT] 
2023-10-11 09:34:22,677 [WARN] PackLoader:240 - Cannot read IP mode file for STMicroelectronics.X-CUBE-SMBUS.2.1.0
2023-10-11 09:34:22,694 [WARN] PackLoader:240 - Cannot read IP mode file for STMicroelectronics.X-CUBE-AZRTOS-F7.1.1.0
2023-10-11 09:34:22,701 [WARN] PackLoader:240 - Cannot read IP mode file for STMicroelectronics.FP-SNS-MOTENV1.4.3.2
2023-10-11 09:34:22,704 [WARN] PackLoader:240 - Cannot read IP mode file for STMicroelectronics.FP-SNS-FLIGHT1.5.0.2
2023-10-11 09:34:22,708 [WARN] PackLoader:240 - Cannot read IP mode file for STMicroelectronics.X-CUBE-DISPLAY.3.0.0
2023-10-11 09:34:22,719 [WARN] PackLoader:240 - Cannot read IP mode file for STMicroelectronics.X-CUBE-BLE1.7.0.0
2023-10-11 09:34:22,722 [WARN] PackLoader:240 - Cannot read IP mode file for emotas.I-CUBE-CANOPEN.1.3.0
2023-10-11 09:34:22,725 [WARN] PackLoader:240 - Cannot read IP mode file for STMicroelectronics.X-CUBE-TOUCHGFX.4.22.1
2023-10-11 09:34:22,727 [WARN] PackLoader:240 - Cannot read IP mode file for STMicroelectronics.FP-SNS-SMARTAG2.1.2.0
2023-10-11 09:34:22,736 [INFO] LogOutputStream:77 - [STDOUT_REDIRECT] 1 : Invalid condition id : UX_CORESTACK_Condition cause : null
2023-10-11 09:34:22,736 [INFO] LogOutputStream:77 - [STDOUT_REDIRECT] 1 : Invalid condition id : UX_CORESTACK_Condition cause : null
2023-10-11 09:34:22,737 [INFO] LogOutputStream:77 - [STDOUT_REDIRECT] 1 : Invalid condition id : UX_CORESTACK_Condition cause : null
2023-10-11 09:34:22,737 [INFO] LogOutputStream:77 - [STDOUT_REDIRECT] 1 : Invalid condition id : UX_CORESTACK_Condition cause : null
2023-10-11 09:34:22,738 [INFO] LogOutputStream:77 - [STDOUT_REDIRECT] 1 : Invalid condition id : UX_CORESTACK_Condition cause : null
2023-10-11 09:34:22,739 [WARN] PackLoader:240 - Cannot read IP mode file for STMicroelectronics.X-CUBE-AZRTOS-WL.2.0.0
2023-10-11 09:34:22,745 [WARN] PackLoader:240 - Cannot read IP mode file for WES.I-CUBE-Cesium.1.3.0
2023-10-11 09:34:22,748 [WARN] PackLoader:240 - Cannot read IP mode file for STMicroelectronics.X-CUBE-BLE2.3.3.0
2023-10-11 09:34:22,751 [WARN] PackLoader:240 - Cannot read IP mode file for STMicroelectronics.X-CUBE-ALGOBUILD.1.3.0
2023-10-11 09:34:22,758 [WARN] PackLoader:240 - Cannot read IP mode file for STMicroelectronics.X-CUBE-AZRTOS-G0.1.1.0
2023-10-11 09:34:22,761 [WARN] PackLoader:240 - Cannot read IP mode file for STMicroelectronics.X-CUBE-NFC4.3.0.0
2023-10-11 09:34:22,763 [WARN] PackLoader:240 - Cannot read IP mode file for STMicroelectronics.FP-ATR-SIGFOX1.3.2.0
2023-10-11 09:34:22,776 [WARN] PackLoader:240 - Cannot read IP mode file for SEGGER.I-CUBE-embOS.1.3.1
2023-10-11 09:34:22,792 [WARN] PackLoader:240 - Cannot read IP mode file for STMicroelectronics.X-CUBE-GNSS1.6.0.0
2023-10-11 09:34:22,799 [WARN] PackLoader:240 - Cannot read IP mode file for STMicroelectronics.X-CUBE-AZRTOS-F4.1.1.0
2023-10-11 09:34:22,802 [WARN] PackLoader:240 - Cannot read IP mode file for wolfSSL.I-CUBE-wolfSSL.5.6.3
2023-10-11 09:34:22,815 [WARN] PackLoader:240 - Cannot read IP mode file for STMicroelectronics.X-CUBE-AZRTOS-L5.2.0.0
2023-10-11 09:34:22,847 [WARN] PackLoader:240 - Cannot read IP mode file for STMicroelectronics.X-CUBE-MEMS1.9.6.0
2023-10-11 09:34:22,906 [WARN] PackLoader:240 - Cannot read IP mode file for ITTIA_DB.I-CUBE-ITTIADB.8.8.0
2023-10-11 09:34:22,909 [WARN] PackLoader:240 - Cannot read IP mode file for STMicroelectronics.X-CUBE-BLEMGR.2.0.0
2023-10-11 09:34:22,917 [WARN] ConditionMgr:438 - getConditionDescription Invalid condition id : UX DEVICE CLASS RTOS Condition cause : null
2023-10-11 09:34:22,917 [WARN] ConditionMgr:438 - getConditionDescription Invalid condition id : UX DEVICE CLASS RTOS Condition cause : null
2023-10-11 09:34:22,918 [WARN] PackLoader:240 - Cannot read IP mode file for STMicroelectronics.X-CUBE-AZRTOS-H7.3.1.0
2023-10-11 09:34:22,919 [WARN] ConditionMgr:1039 - genDependencies : Invalid condition id : UX DEVICE CLASS RTOS Condition cause : null
2023-10-11 09:34:22,919 [WARN] ConditionMgr:1039 - genDependencies : Invalid condition id : UX DEVICE CLASS RTOS Condition cause : null
2023-10-11 09:34:22,919 [WARN] ConditionMgr:1039 - genDependencies : Invalid condition id : UX DEVICE CLASS RTOS Condition cause : null
2023-10-11 09:34:22,919 [WARN] ConditionMgr:1039 - genDependencies : Invalid condition id : UX DEVICE CLASS RTOS Condition cause : null
2023-10-11 09:34:22,919 [WARN] ConditionMgr:1039 - genDependencies : Invalid condition id : UX DEVICE CLASS RTOS Condition cause : null
2023-10-11 09:34:22,922 [WARN] PackLoader:240 - Cannot read IP mode file for STMicroelectronics.X-CUBE-NFC7.1.0.1
2023-10-11 09:34:22,926 [WARN] PackLoader:240 - Cannot read IP mode file for STMicroelectronics.X-CUBE-NFC6.3.0.0
2023-10-11 09:34:22,930 [WARN] PackLoader:240 - Cannot read IP mode file for STMicroelectronics.X-CUBE-EEPRMA1.4.1.0
2023-10-11 09:34:22,932 [WARN] PackLoader:240 - Cannot read IP mode file for STMicroelectronics.X-CUBE-AI.8.1.0
2023-10-11 09:34:22,940 [WARN] ConditionMgr:438 - getConditionDescription Invalid condition id : LAN8742 Phy interface Condition cause : null
2023-10-11 09:34:22,940 [WARN] PackLoader:240 - Cannot read IP mode file for STMicroelectronics.X-CUBE-AZRTOS-L4.2.0.0
2023-10-11 09:34:22,941 [WARN] ConditionMgr:1039 - genDependencies : Invalid condition id : LAN8742 Phy interface Condition cause : null
2023-10-11 09:34:22,941 [WARN] ConditionMgr:1039 - genDependencies : Invalid condition id : LAN8742 Phy interface Condition cause : null
2023-10-11 09:34:22,941 [WARN] ConditionMgr:1039 - genDependencies : Invalid condition id : LAN8742 Phy interface Condition cause : null
2023-10-11 09:34:22,945 [WARN] PackLoader:240 - Cannot read IP mode file for STMicroelectronics.X-CUBE-SFXS2LP1.4.0.0
2023-10-11 09:34:22,948 [WARN] PackLoader:240 - Cannot read IP mode file for STMicroelectronics.X-CUBE-ISPU.1.1.0
2023-10-11 09:34:22,953 [WARN] ConditionMgr:438 - getConditionDescription Invalid condition id : UX DEVICE CLASS RTOS Condition cause : null
2023-10-11 09:34:22,953 [WARN] ConditionMgr:438 - getConditionDescription Invalid condition id : UX DEVICE CLASS RTOS Condition cause : null
2023-10-11 09:34:22,954 [WARN] PackLoader:240 - Cannot read IP mode file for STMicroelectronics.X-CUBE-AZRTOS-WB.2.0.0
2023-10-11 09:34:22,955 [WARN] ConditionMgr:1039 - genDependencies : Invalid condition id : UX DEVICE CLASS RTOS Condition cause : null
2023-10-11 09:34:22,955 [WARN] ConditionMgr:1039 - genDependencies : Invalid condition id : UX DEVICE CLASS RTOS Condition cause : null
2023-10-11 09:34:22,955 [WARN] ConditionMgr:1039 - genDependencies : Invalid condition id : UX DEVICE CLASS RTOS Condition cause : null
2023-10-11 09:34:22,955 [WARN] ConditionMgr:1039 - genDependencies : Invalid condition id : UX DEVICE CLASS RTOS Condition cause : null
2023-10-11 09:34:22,955 [WARN] ConditionMgr:1039 - genDependencies : Invalid condition id : UX DEVICE CLASS RTOS Condition cause : null
2023-10-11 09:34:22,960 [WARN] PackLoader:240 - Cannot read IP mode file for STMicroelectronics.X-CUBE-SUBG2.5.0.0
2023-10-11 09:34:22,967 [WARN] PackLoader:240 - Cannot read IP mode file for STMicroelectronics.X-CUBE-TOF1.3.3.1
2023-10-11 09:34:22,977 [WARN] PackLoader:240 - Cannot read IP mode file for STMicroelectronics.X-CUBE-AZRTOS-G4.2.0.0
2023-10-11 09:34:22,987 [WARN] PackLoader:240 - Cannot read IP mode file for Infineon.AIROC-Wi-Fi-Bluetooth-STM32.1.5.1
2023-10-11 09:34:22,992 [WARN] PackLoader:240 - Cannot read IP mode file for STMicroelectronics.X-CUBE-FREERTOS.1.1.0
2023-10-11 09:34:22,996 [WARN] PackLoader:240 - Cannot read IP mode file for portGmbH.I-Cube-SoM-uGOAL.1.1.0
2023-10-11 09:34:22,998 [WARN] PackLoader:240 - Cannot read IP mode file for STMicroelectronics.X-CUBE-ALS.1.0.1
2023-10-11 09:34:23,000 [WARN] PackLoader:240 - Cannot read IP mode file for STMicroelectronics.FP-ATR-ASTRA1.2.0.0
2023-10-11 09:34:23,001 [INFO] ThirdParty:978 - Integrity check success = true
2023-10-11 09:34:23,001 [INFO] IntegrityCheckThread:100 - exiting critical section [integrity check]
2023-10-11 09:34:23,001 [INFO] IntegrityCheckThread:103 - End integrity checks thread
2023-10-11 10:42:52,461 [INFO] McuFinderGlobals:63 - Set McuFinder mode to 2 (CubeIDE integrated)
2023-10-11 10:42:52,471 [INFO] MainUpdater:2868 - connection check result : 10
2023-10-11 10:42:52,474 [INFO] MainUpdater:2868 - connection check result : 10
2023-10-11 10:42:52,551 [INFO] MicroXplorer:468 - Change Database Path : 
2023-10-11 10:42:52,551 [INFO] MicroXplorer:498 - Change Database Version : DB.6.0.92
2023-10-11 10:42:52,553 [WARN] ThirdParty:871 - waiting for thirdparty lock release [close project]
2023-10-11 10:42:52,554 [INFO] ThirdParty:873 - entering critical section [close project]
2023-10-11 10:42:52,561 [INFO] ThirdParty:883 - exiting critical section [close project]
2023-10-11 10:42:52,562 [INFO] PinOutPanel:1499 - setPackage(No Configuration,No Configuration)
2023-10-11 10:42:52,568 [INFO] UtilMem:75 - Begin LoadConfig() Used Memory: 429153168 Bytes (631242752)
2023-10-11 10:42:52,569 [INFO] MicroXplorer:468 - Change Database Path : 
2023-10-11 10:42:52,569 [INFO] MicroXplorer:498 - Change Database Version : DB.6.0.92
2023-10-11 10:42:52,569 [INFO] OpenFileManager:308 - Change cursor
2023-10-11 10:42:52,596 [INFO] Mcu:1946 - Initializing MCU STM32F429ZITx STM32F429ZITx STM32F429ZIT6
2023-10-11 10:42:53,486 [INFO] Context:659 - Trying to add GPIOservice into a context  which must be forbidden
2023-10-11 10:42:53,767 [INFO] RtosManager:555 - Registered RTOS mode: class=CMSIS, group=RTOS, mode=CMSIS_V1, owner=FREERTOS
2023-10-11 10:42:53,767 [INFO] RtosManager:555 - Registered RTOS mode: class=CMSIS, group=RTOS2, mode=CMSIS_V2, owner=FREERTOS
2023-10-11 10:42:53,767 [INFO] RtosManager:555 - Registered RTOS mode: class=RTOS, group=Core, mode=CMSIS_V1, owner=FREERTOS
2023-10-11 10:42:53,767 [INFO] RtosManager:555 - Registered RTOS mode: class=RTOS, group=Core, mode=CMSIS_V2, owner=FREERTOS
2023-10-11 10:42:53,768 [WARN] ModelIntegratedComponent:184 - Missing modes for component STMicroelectronics:FreeRTOS:0.0.1:STMicroelectronics:RTOS:FreeRTOS:Core:::10.2.0:
2023-10-11 10:42:53,772 [WARN] ModelIntegratedComponent:63 - No mode defined for component null
2023-10-11 10:42:53,772 [WARN] ModelIntegratedComponent:63 - No mode defined for component null
2023-10-11 10:42:53,772 [WARN] ModelIntegratedComponent:63 - No mode defined for component null
2023-10-11 10:42:53,772 [WARN] ModelIntegratedComponent:63 - No mode defined for component null
2023-10-11 10:42:53,772 [WARN] ModelIntegratedComponent:63 - No mode defined for component null
2023-10-11 10:42:53,772 [WARN] ModelIntegratedComponent:63 - No mode defined for component null
2023-10-11 10:42:53,772 [WARN] ModelIntegratedComponent:63 - No mode defined for component null
2023-10-11 10:42:53,772 [WARN] ModelIntegratedComponent:63 - No mode defined for component null
2023-10-11 10:42:53,772 [WARN] ModelIntegratedComponent:63 - No mode defined for component null
2023-10-11 10:42:53,772 [WARN] ModelIntegratedComponent:63 - No mode defined for component null
2023-10-11 10:42:53,772 [WARN] ModelIntegratedComponent:63 - No mode defined for component null
2023-10-11 10:42:53,772 [WARN] ModelIntegratedComponent:63 - No mode defined for component null
2023-10-11 10:42:53,772 [WARN] ModelIntegratedComponent:63 - No mode defined for component null
2023-10-11 10:42:53,772 [WARN] ModelIntegratedComponent:63 - No mode defined for component null
2023-10-11 10:42:53,772 [WARN] ModelIntegratedComponent:63 - No mode defined for component null
2023-10-11 10:42:53,772 [WARN] ModelIntegratedComponent:63 - No mode defined for component null
2023-10-11 10:42:53,772 [WARN] ModelIntegratedComponent:63 - No mode defined for component null
2023-10-11 10:42:53,772 [WARN] ModelIntegratedComponent:63 - No mode defined for component null
2023-10-11 10:42:53,773 [WARN] ModelIntegratedComponent:63 - No mode defined for component null
2023-10-11 10:42:53,773 [WARN] ModelIntegratedComponent:63 - No mode defined for component null
2023-10-11 10:42:53,773 [WARN] ModelIntegratedComponent:63 - No mode defined for component null
2023-10-11 10:42:53,773 [WARN] ModelIntegratedComponent:63 - No mode defined for component null
2023-10-11 10:42:53,773 [WARN] ModelIntegratedComponent:63 - No mode defined for component null
2023-10-11 10:42:53,773 [WARN] ModelIntegratedComponent:63 - No mode defined for component null
2023-10-11 10:42:53,773 [WARN] ModelIntegratedComponent:63 - No mode defined for component null
2023-10-11 10:42:53,773 [WARN] ModelIntegratedComponent:63 - No mode defined for component null
2023-10-11 10:42:53,773 [WARN] ModelIntegratedComponent:63 - No mode defined for component null
2023-10-11 10:42:53,773 [WARN] ModelIntegratedComponent:63 - No mode defined for component null
2023-10-11 10:42:53,773 [WARN] ModelIntegratedComponent:63 - No mode defined for component null
2023-10-11 10:42:53,773 [WARN] ModelIntegratedComponent:63 - No mode defined for component null
2023-10-11 10:42:53,773 [WARN] ModelIntegratedComponent:63 - No mode defined for component null
2023-10-11 10:42:53,773 [WARN] ModelIntegratedComponent:63 - No mode defined for component null
2023-10-11 10:42:53,773 [WARN] ModelIntegratedComponent:63 - No mode defined for component null
2023-10-11 10:42:53,782 [INFO] ThirdPartyModel:298 - Start build external matchings
2023-10-11 10:42:53,900 [INFO] ThirdPartyModel:316 - End build external matchings
2023-10-11 10:42:53,904 [INFO] ImportTextPane:194 - (OptionalMessage_ERROR) IP (ETH) : Invalid parameter (PHY_Name)
2023-10-11 10:42:53,904 [INFO] ImportTextPane:194 - (OptionalMessage_ERROR) IP (ETH) : Invalid parameter (PHY_Value)
2023-10-11 10:42:53,904 [INFO] ImportTextPane:194 - (OptionalMessage_ERROR) IP (ETH) : Invalid parameter (PhyAddress)
2023-10-11 10:42:53,905 [INFO] ImportTextPane:194 - (OptionalMessage_ERROR) IP (RCC) : Invalid parameter (ADC12outputFreq_Value)
2023-10-11 10:42:53,905 [INFO] ImportTextPane:194 - (OptionalMessage_ERROR) IP (RCC) : Invalid parameter (ADC34outputFreq_Value)
2023-10-11 10:42:53,905 [INFO] ImportTextPane:194 - (OptionalMessage_ERROR) IP (RCC) : Invalid parameter (FamilyName)
2023-10-11 10:42:53,905 [INFO] ImportTextPane:194 - (OptionalMessage_ERROR) IP (RCC) : Invalid parameter (I2C1Freq_Value)
2023-10-11 10:42:53,905 [INFO] ImportTextPane:194 - (OptionalMessage_ERROR) IP (RCC) : Invalid parameter (I2C2Freq_Value)
2023-10-11 10:42:53,905 [INFO] ImportTextPane:194 - (OptionalMessage_ERROR) IP (RCC) : Invalid parameter (I2C3Freq_Value)
2023-10-11 10:42:53,906 [INFO] ImportTextPane:194 - (OptionalMessage_ERROR) IP (RCC) : Parameter (MCO2PinFreq_Value) has invalid value (168000000)
2023-10-11 10:42:53,906 [INFO] ImportTextPane:194 - (OptionalMessage_ERROR) IP (RCC) : Invalid parameter (MCOFreq_Value)
2023-10-11 10:42:53,906 [INFO] ImportTextPane:194 - (OptionalMessage_ERROR) IP (RCC) : Invalid parameter (PLLMCOFreq_Value)
2023-10-11 10:42:53,906 [INFO] ImportTextPane:194 - (OptionalMessage_ERROR) IP (RCC) : Invalid parameter (PLLMUL)
2023-10-11 10:42:53,906 [INFO] ImportTextPane:194 - (OptionalMessage_ERROR) IP (RCC) : Invalid parameter (PRESCALERUSB)
2023-10-11 10:42:53,906 [INFO] ImportTextPane:194 - (OptionalMessage_ERROR) IP (RCC) : Parameter (RTCHSEDivFreq_Value) has invalid value (4000000)
2023-10-11 10:42:53,906 [INFO] ImportTextPane:194 - (OptionalMessage_ERROR) IP (RCC) : Invalid parameter (SYSCLKSourceVirtual)
2023-10-11 10:42:53,906 [INFO] ImportTextPane:194 - (OptionalMessage_ERROR) IP (RCC) : Invalid parameter (TIM15Freq_Value)
2023-10-11 10:42:53,906 [INFO] ImportTextPane:194 - (OptionalMessage_ERROR) IP (RCC) : Invalid parameter (TIM16Freq_Value)
2023-10-11 10:42:53,906 [INFO] ImportTextPane:194 - (OptionalMessage_ERROR) IP (RCC) : Invalid parameter (TIM17Freq_Value)
2023-10-11 10:42:53,906 [INFO] ImportTextPane:194 - (OptionalMessage_ERROR) IP (RCC) : Invalid parameter (TIM1Freq_Value)
2023-10-11 10:42:53,906 [INFO] ImportTextPane:194 - (OptionalMessage_ERROR) IP (RCC) : Invalid parameter (TIM20Freq_Value)
2023-10-11 10:42:53,906 [INFO] ImportTextPane:194 - (OptionalMessage_ERROR) IP (RCC) : Invalid parameter (TIM2Freq_Value)
2023-10-11 10:42:53,906 [INFO] ImportTextPane:194 - (OptionalMessage_ERROR) IP (RCC) : Invalid parameter (TIM3Freq_Value)
2023-10-11 10:42:53,906 [INFO] ImportTextPane:194 - (OptionalMessage_ERROR) IP (RCC) : Invalid parameter (TIM8Freq_Value)
2023-10-11 10:42:53,906 [INFO] ImportTextPane:194 - (OptionalMessage_ERROR) IP (RCC) : Invalid parameter (UART4Freq_Value)
2023-10-11 10:42:53,906 [INFO] ImportTextPane:194 - (OptionalMessage_ERROR) IP (RCC) : Invalid parameter (UART5Freq_Value)
2023-10-11 10:42:53,906 [INFO] ImportTextPane:194 - (OptionalMessage_ERROR) IP (RCC) : Invalid parameter (USART1Freq_Value)
2023-10-11 10:42:53,906 [INFO] ImportTextPane:194 - (OptionalMessage_ERROR) IP (RCC) : Invalid parameter (USART2Freq_Value)
2023-10-11 10:42:53,906 [INFO] ImportTextPane:194 - (OptionalMessage_ERROR) IP (RCC) : Invalid parameter (USART3Freq_Value)
2023-10-11 10:42:53,906 [INFO] ImportTextPane:194 - (OptionalMessage_ERROR) IP (RCC) : Invalid parameter (USBFreq_Value)
2023-10-11 10:42:53,906 [INFO] ImportTextPane:194 - (OptionalMessage_ERROR) IP (RCC) : Invalid parameter (VCOOutput2Freq_Value)
2023-10-11 10:42:54,102 [INFO] UtilMem:75 - End LoadConfig() Used Memory: 231314656 Bytes (631242752)
2023-10-11 10:42:54,181 [INFO] ApiDb:581 - Connected to CubeFinder SQLite database (C:\Users\USER\.stmcufinder\plugins\mcufinder\mcu\cube-finder-db.db)
2023-10-11 10:42:54,213 [INFO] ApiDb:668 - CubeFinder database Data Model version=2.1
2023-10-11 10:42:54,213 [INFO] ApiDb:669 - CubeFinder database Configuration version=3.0.37
2023-10-11 10:42:54,213 [INFO] ApiDb:670 - CubeFinder database generation date=2023-08-09 (1691586011)
2023-10-11 10:42:54,213 [INFO] ApiDb:671 - CubeFinder database FW Pack versions=[FP-ATR-ASTRA1_V2.0.0, FP-SNS-FLIGHT1_V5.0.1, FP-SNS-FLIGHT1_V5.0.2, FP-SNS-MOTENV1_V4.3.1, FP-SNS-MOTENV1_V4.3.2, STM32Cube_FW_C0_V1.1.0, STM32Cube_FW_F4_V1.27.1, STM32Cube_FW_F7_V1.17.0, STM32Cube_FW_G0_V1.6.1, STM32Cube_FW_G4_V1.5.1, STM32Cube_FW_H5_V0.5.1, STM32Cube_FW_H5_V1.1.0, STM32Cube_FW_H7_V1.11.0, STM32Cube_FW_L0_V1.12.2, STM32Cube_FW_L5_V1.5.0, STM32Cube_FW_U5_V1.3.0, STM32Cube_FW_U5_V1.3.0RC4, STM32Cube_FW_WBA_V1.0.0RC1, STM32Cube_FW_WBA_V1.1.0, STM32Cube_FW_WBA_V1.1.0RC1, STM32Cube_FW_WB_V1.15.0RC1, STM32Cube_FW_WB_V1.16.0, STM32Cube_FW_WB_V1.16.0RC2, STM32Cube_FW_WB_V1.17.0, STM32Cube_FW_WL_V1.3.0, X-CUBE-ALGOBUILD_V1.3.0, X-CUBE-ALS_V1.0.1, X-CUBE-AZRTOS-F4_V1.1.0, X-CUBE-AZRTOS-F7_V1.1.0, X-CUBE-AZRTOS-G0_V1.1.0, X-CUBE-AZRTOS-G4_V2.0.0, X-CUBE-AZRTOS-H7_V3.1.0, X-CUBE-AZRTOS-L4_V1.0.0, X-CUBE-AZRTOS-L4_V2.0.0, X-CUBE-AZRTOS-L5_V1.1.0, X-CUBE-AZRTOS-WB_V1.1.0, X-CUBE-AZRTOS-WL_V2.0.0, X-CUBE-BLE1_V7.0.0, X-CUBE-BLE2_V3.3.0, X-CUBE-BLEMGR_V2.0.0, X-CUBE-EEPRMA1_V4.1.0, X-CUBE-FREERTOS_V1.1.0, X-CUBE-GNSS1_V6.0.0, X-CUBE-MEMS1_V9.1.0, X-CUBE-MEMS1_V9.4.0, X-CUBE-MEMS1_V9.6.0, X-CUBE-NFC4_V3.0.0, X-CUBE-NFC7_V1.0.0, X-CUBE-SFXS2LP1_V4.0.0, X-CUBE-SUBG2_V5.0.0, X-CUBE-TOF1_V3.3.1]
2023-10-11 10:42:55,258 [INFO] ApiDb:240 - Found 323 in-development CPN: [B-G473E-ZEST1S, B-WB1M-WPAN1, B-WL5M-SUBG1, NUCLEO-C031C6, NUCLEO-H503RB, NUCLEO-H563ZI, NUCLEO-U545RE-Q, NUCLEO-U5A5ZJ-Q, NUCLEO-WBA52CG, STEVAL-PROTEUS1, STEVAL-SMARTAG2, STEVAL-STWINBX1, STM320518-EVAL, STM32C0116-DK, STM32C011D6Y3TR, STM32C011D6Y6TR, STM32C011F4P3, STM32C011F4P6, STM32C011F4U3, STM32C011F4U6TR, STM32C011F6P3, STM32C011F6P6, STM32C011F6U3, STM32C011F6U6TR, STM32C011J4M3, STM32C011J4M6, STM32C011J6M3, STM32C011J6M6, STM32C0316-DK, STM32C031C4T3, STM32C031C4T6, STM32C031C4U3, STM32C031C4U6, STM32C031C6T3, STM32C031C6T6, STM32C031C6U3, STM32C031C6U6, STM32C031F4P3, STM32C031F4P6, STM32C031F6P3, STM32C031F6P6, STM32C031G4U3, STM32C031G4U6, STM32C031G6U3, STM32C031G6U6, STM32C031K4T3, STM32C031K4T6, STM32C031K4U3, STM32C031K4U6, STM32C031K6T3, STM32C031K6T6, STM32C031K6U3, STM32C031K6U6, STM32G071K8TXN, STM32G071K8UXN, STM32G081GBU6N, STM32G081KBT6N, STM32G081KBUXN, STM32G0B1CCT6N, STM32G0B1KCT6, STM32G0B1NEY6TR, STM32G0B1RCT6N, STM32G0C1CCT6, STM32G0C1CCT6N, STM32G0C1CCU6N, STM32G0C1CET6N, STM32G0C1CEU6N, STM32G0C1KCT6, STM32G0C1NEY6TR, STM32G0C1RCI6N, STM32G0C1RCT6N, STM32G0C1REI6N, STM32G0C1RET6N, STM32G0C1VCI6, STM32G0C1VEI6, STM32G471CCT6, STM32G471CCU6, STM32G471CET3, STM32G471CET6, STM32G471CEU3, STM32G471CEU6, STM32G471MCT6, STM32G471MET3, STM32G471MET6, STM32G471MEY6TR, STM32G471QCT6, STM32G471QET3, STM32G471RCT6, STM32G471RET3, STM32G471RET6, STM32G471VCH6, STM32G471VCI6, STM32G471VCT6, STM32G471VEH3, STM32G471VEH6, STM32G471VEI3, STM32G471VEI6, STM32G471VET3, STM32G471VET6, STM32G474CCT6, STM32H503CBT6, STM32H503CBU6, STM32H503EBY6TR, STM32H503KBU6, STM32H503RBT6, STM32H562AGI6, STM32H562AII6, STM32H562IGK6, STM32H562IGT6, STM32H562IIK6, STM32H562IIT6, STM32H562RGT6, STM32H562RGV6, STM32H562RIT6, STM32H562RIV6, STM32H562VGT6, STM32H562VIT6, STM32H562ZGT6, STM32H562ZIT6, STM32H563AGI6, STM32H563AII3Q, STM32H563AII6, STM32H563IGK6, STM32H563IGT6, STM32H563IIK3Q, STM32H563IIK6, STM32H563IIT3Q, STM32H563IIT6, STM32H563MIY3QTR, STM32H563RGT6, STM32H563RGV6, STM32H563RIT6, STM32H563RIV6, STM32H563VGT6, STM32H563VIT3Q, STM32H563VIT6, STM32H563ZGT6, STM32H563ZIT3Q, STM32H563ZIT6, STM32H573AII3Q, STM32H573AII6, STM32H573I-DK, STM32H573IIK3Q, STM32H573IIK6, STM32H573IIT3Q, STM32H573IIT6, STM32H573MIY3QTR, STM32H573RIT6, STM32H573RIV6, STM32H573VIT3Q, STM32H573VIT6, STM32H573ZIT3Q, STM32H573ZIT6, STM32L4R5QGI6STR, STM32MP131AAE3, STM32MP131AAF3, STM32MP131AAG3, STM32MP131CAE3, STM32MP131CAF3, STM32MP131CAG3, STM32MP131DAE7, STM32MP131DAF7, STM32MP131DAG7, STM32MP131FAE7, STM32MP131FAF7, STM32MP131FAG7, STM32MP133AAE3, STM32MP133AAF3, STM32MP133AAG3, STM32MP133CAE3, STM32MP133CAF3, STM32MP133CAG3, STM32MP133DAE7, STM32MP133DAF7, STM32MP133DAG7, STM32MP133FAE7, STM32MP133FAF7, STM32MP133FAG7, STM32MP135AAE3, STM32MP135AAF3, STM32MP135AAG3, STM32MP135CAE3, STM32MP135CAF3, STM32MP135CAG3, STM32MP135DAE7, STM32MP135DAF7, STM32MP135DAG7, STM32MP135F-DK, STM32MP135FAE7, STM32MP135FAF7, STM32MP135FAF7T, STM32MP135FAF7U, STM32MP135FAG7, STM32U535CBT6, STM32U535CBT6Q, STM32U535CBU6, STM32U535CBU6Q, STM32U535CCT6, STM32U535CCT6Q, STM32U535CCU6, STM32U535CCU6Q, STM32U535CET6, STM32U535CET6Q, STM32U535CEU6, STM32U535CEU6Q, STM32U535JEY6QTR, STM32U535NCY6QTR, STM32U535NEY6QTR, STM32U535RBI6, STM32U535RBI6Q, STM32U535RBT6, STM32U535RBT6Q, STM32U535RCI6, STM32U535RCI6Q, STM32U535RCT6, STM32U535RCT6Q, STM32U535REI6, STM32U535REI6Q, STM32U535RET6, STM32U535RET6Q, STM32U535VCI6, STM32U535VCI6Q, STM32U535VCT6, STM32U535VCT6Q, STM32U535VEI6, STM32U535VEI6Q, STM32U535VET6, STM32U535VET6Q, STM32U545CET6, STM32U545CET6Q, STM32U545CEU6, STM32U545CEU6Q, STM32U545JEY6QTR, STM32U545NEY6QTR, STM32U545REI6, STM32U545REI6Q, STM32U545RET6, STM32U545RET6Q, STM32U545VEI6, STM32U545VEI6Q, STM32U545VET6, STM32U545VET6Q, STM32U595AIH6, STM32U595AIH6Q, STM32U595AJH6, STM32U595AJH6Q, STM32U595QII6, STM32U595QII6Q, STM32U595QJI6, STM32U595QJI6Q, STM32U595RIT6, STM32U595RIT6Q, STM32U595RJT6, STM32U595RJT6Q, STM32U595VIT6, STM32U595VIT6Q, STM32U595VJT6, STM32U595VJT6Q, STM32U595ZIT6, STM32U595ZIT6Q, STM32U595ZIY6QTR, STM32U595ZJT6, STM32U595ZJT6Q, STM32U595ZJY6QTR, STM32U599BJY6QTR, STM32U599NIH6Q, STM32U599NJH6Q, STM32U599VIT6Q, STM32U599VJT6, STM32U599VJT6Q, STM32U599ZIT6Q, STM32U599ZIY6QTR, STM32U599ZJT6Q, STM32U599ZJY6QTR, STM32U5A5AJH6, STM32U5A5AJH6Q, STM32U5A5QJI6, STM32U5A5QJI6Q, STM32U5A5RJT6, STM32U5A5RJT6Q, STM32U5A5VJT6, STM32U5A5VJT6Q, STM32U5A5ZJT6, STM32U5A5ZJT6Q, STM32U5A5ZJY6QTR, STM32U5A9BJY6QTR, STM32U5A9J-DK, STM32U5A9NJH6Q, STM32U5A9VJT6Q, STM32U5A9ZJT6Q, STM32U5A9ZJY6QTR, STM32U5F7VIT6, STM32U5F7VIT6Q, STM32U5F7VJT6, STM32U5F7VJT6Q, STM32U5F9BJY6QTR, STM32U5F9NJH6Q, STM32U5F9VIT6Q, STM32U5F9VJT6Q, STM32U5F9ZIJ6QTR, STM32U5F9ZIT6Q, STM32U5F9ZJJ6QTR, STM32U5F9ZJT6Q, STM32U5G7VJT6, STM32U5G7VJT6Q, STM32U5G9BJY6QTR, STM32U5G9J-DK1, STM32U5G9J-DK2, STM32U5G9NJH6Q, STM32U5G9VJT6Q, STM32U5G9ZJJ6QTR, STM32U5G9ZJT6Q, STM32WB1MMCH6, STM32WBA52CEU6, STM32WBA52CEU6T, STM32WBA52CGU6, STM32WBA52CGU6T, STM32WBA52KEU6, STM32WBA52KEU6T, STM32WBA52KGU6, STM32WBA52KGU6T, STM32WL5MOCH6, STM32WL5MOCH6TR]
2023-10-11 10:42:55,260 [INFO] DbMcus:217 - Found 3848 MCUs, 3848 are supported
2023-10-11 10:42:55,260 [INFO] ApiDb:423 - Load user favorites file C:\Users\USER/.stm32cubeide/favorites.mcus.txt: 0 item(s)
2023-10-11 10:42:55,260 [INFO] ApiDb:427 - User favorites MCUs=[]
2023-10-11 10:42:55,260 [INFO] DbMcus:223 - Set 0 / 0 favorites MCUs
2023-10-11 10:42:55,383 [WARN] ThirdParty:833 - waiting for thirdparty lock release [change project]
2023-10-11 10:42:55,383 [INFO] ThirdParty:835 - entering critical section [change project]
2023-10-11 10:42:55,383 [INFO] ThirdParty:1030 - CMSIS Pack Vendor :STMicroelectronics X-CUBE-ISPU 1.1.0
2023-10-11 10:42:55,383 [INFO] ThirdParty:1030 - CMSIS Pack Vendor :STMicroelectronics USBPD 4.1
2023-10-11 10:42:55,383 [INFO] ThirdParty:1030 - CMSIS Pack Vendor :STMicroelectronics X-CUBE-GNSS1 6.0.0
2023-10-11 10:42:55,383 [INFO] ThirdParty:1030 - CMSIS Pack Vendor :STMicroelectronics USB_HOST 2.0.0
2023-10-11 10:42:55,383 [INFO] ThirdParty:1030 - CMSIS Pack Vendor :STMicroelectronics X-CUBE-AZRTOS-F4 1.1.0
2023-10-11 10:42:55,383 [INFO] ThirdParty:1030 - CMSIS Pack Vendor :STMicroelectronics LIBJPEG 8.0.0
2023-10-11 10:42:55,383 [INFO] ThirdParty:1030 - CMSIS Pack Vendor :wolfSSL I-CUBE-wolfSSL 5.6.3
2023-10-11 10:42:55,383 [INFO] ThirdParty:1030 - CMSIS Pack Vendor :STMicroelectronics X-CUBE-SMBUS 2.1.0
2023-10-11 10:42:55,383 [INFO] ThirdParty:1030 - CMSIS Pack Vendor :STMicroelectronics USB_DEVICE 3.0.0
2023-10-11 10:42:55,383 [INFO] ThirdParty:1030 - CMSIS Pack Vendor :STMicroelectronics X-CUBE-AZRTOS-WB 2.0.0
2023-10-11 10:42:55,383 [INFO] ThirdParty:1030 - CMSIS Pack Vendor :STMicroelectronics X-CUBE-AZRTOS-F7 1.1.0
2023-10-11 10:42:55,383 [INFO] ThirdParty:1030 - CMSIS Pack Vendor :STMicroelectronics X-CUBE-AZRTOS-L5 2.0.0
2023-10-11 10:42:55,383 [INFO] ThirdParty:1030 - CMSIS Pack Vendor :STMicroelectronics USB_DEVICE 2.0.0
2023-10-11 10:42:55,383 [INFO] ThirdParty:1030 - CMSIS Pack Vendor :STMicroelectronics X-CUBE-MEMS1 9.6.0
2023-10-11 10:42:55,383 [INFO] ThirdParty:1030 - CMSIS Pack Vendor :ITTIA_DB I-CUBE-ITTIADB 8.8.0
2023-10-11 10:42:55,383 [INFO] ThirdParty:1030 - CMSIS Pack Vendor :STMicroelectronics FP-SNS-MOTENV1 4.3.2
2023-10-11 10:42:55,383 [INFO] ThirdParty:1030 - CMSIS Pack Vendor :STMicroelectronics X-CUBE-ALGOBUILD 1.3.0
2023-10-11 10:42:55,383 [INFO] ThirdParty:1030 - CMSIS Pack Vendor :STMicroelectronics FreeRTOS 0.0.1
2023-10-11 10:42:55,383 [INFO] ThirdParty:1030 - CMSIS Pack Vendor :STMicroelectronics X-CUBE-AZRTOS-G0 1.1.0
2023-10-11 10:42:55,383 [INFO] ThirdParty:1030 - CMSIS Pack Vendor :STMicroelectronics X-CUBE-BLEMGR 2.0.0
2023-10-11 10:42:55,383 [INFO] ThirdParty:1030 - CMSIS Pack Vendor :STMicroelectronics X-CUBE-NFC4 3.0.0
2023-10-11 10:42:55,384 [INFO] ThirdParty:1030 - CMSIS Pack Vendor :STMicroelectronics X-CUBE-SUBG2 5.0.0
2023-10-11 10:42:55,384 [INFO] ThirdParty:1030 - CMSIS Pack Vendor :STMicroelectronics STM32_WPAN 1.0.0
2023-10-11 10:42:55,384 [INFO] ThirdParty:1030 - CMSIS Pack Vendor :STMicroelectronics lwIP 2.0.3
2023-10-11 10:42:55,384 [INFO] ThirdParty:1030 - CMSIS Pack Vendor :STMicroelectronics FP-SNS-FLIGHT1 5.0.2
2023-10-11 10:42:55,384 [INFO] ThirdParty:1030 - CMSIS Pack Vendor :STMicroelectronics USB_HOST 1.0.0
2023-10-11 10:42:55,384 [INFO] ThirdParty:1030 - CMSIS Pack Vendor :STMicroelectronics X-CUBE-TOF1 3.3.1
2023-10-11 10:42:55,384 [INFO] ThirdParty:1030 - CMSIS Pack Vendor :STMicroelectronics X-CUBE-AZRTOS-G4 2.0.0
2023-10-11 10:42:55,384 [INFO] ThirdParty:1030 - CMSIS Pack Vendor :STMicroelectronics PDM2PCM 3.1.0
2023-10-11 10:42:55,384 [INFO] ThirdParty:1030 - CMSIS Pack Vendor :STMicroelectronics X-CUBE-AZRTOS-H7 3.1.0
2023-10-11 10:42:55,384 [INFO] ThirdParty:1030 - CMSIS Pack Vendor :Infineon AIROC-Wi-Fi-Bluetooth-STM32 1.5.1
2023-10-11 10:42:55,384 [INFO] ThirdParty:1030 - CMSIS Pack Vendor :STMicroelectronics PDM2PCM 3.3.0
2023-10-11 10:42:55,384 [INFO] ThirdParty:1030 - CMSIS Pack Vendor :STMicroelectronics X-CUBE-DISPLAY 3.0.0
2023-10-11 10:42:55,385 [INFO] ThirdParty:1030 - CMSIS Pack Vendor :STMicroelectronics X-CUBE-BLE1 7.0.0
2023-10-11 10:42:55,385 [INFO] ThirdParty:1030 - CMSIS Pack Vendor :STMicroelectronics FP-ATR-SIGFOX1 3.2.0
2023-10-11 10:42:55,385 [INFO] ThirdParty:1030 - CMSIS Pack Vendor :STMicroelectronics HAL Drivers 0.0.0
2023-10-11 10:42:55,385 [INFO] ThirdParty:1030 - CMSIS Pack Vendor :STMicroelectronics MBEDTLS 2.16.2
2023-10-11 10:42:55,385 [INFO] ThirdParty:1030 - CMSIS Pack Vendor :emotas I-CUBE-CANOPEN 1.3.0
2023-10-11 10:42:55,385 [INFO] ThirdParty:1030 - CMSIS Pack Vendor :STMicroelectronics X-CUBE-FREERTOS 1.1.0
2023-10-11 10:42:55,385 [INFO] ThirdParty:1030 - CMSIS Pack Vendor :STMicroelectronics X-CUBE-NFC7 1.0.1
2023-10-11 10:42:55,385 [INFO] ThirdParty:1030 - CMSIS Pack Vendor :STMicroelectronics MBEDTLS 2.14.1
2023-10-11 10:42:55,385 [INFO] ThirdParty:1030 - CMSIS Pack Vendor :STMicroelectronics X-CUBE-TOUCHGFX 4.22.1
2023-10-11 10:42:55,385 [INFO] ThirdParty:1030 - CMSIS Pack Vendor :STMicroelectronics X-CUBE-NFC6 3.0.0
2023-10-11 10:42:55,385 [INFO] ThirdParty:1030 - CMSIS Pack Vendor :STMicroelectronics X-CUBE-EEPRMA1 4.1.0
2023-10-11 10:42:55,385 [INFO] ThirdParty:1030 - CMSIS Pack Vendor :portGmbH I-Cube-SoM-uGOAL 1.1.0
2023-10-11 10:42:55,385 [INFO] ThirdParty:1030 - CMSIS Pack Vendor :STMicroelectronics X-CUBE-ALS 1.0.1
2023-10-11 10:42:55,385 [INFO] ThirdParty:1030 - CMSIS Pack Vendor :STMicroelectronics ThreadX 1.0.0
2023-10-11 10:42:55,385 [INFO] ThirdParty:1030 - CMSIS Pack Vendor :STMicroelectronics FP-SNS-SMARTAG2 1.2.0
2023-10-11 10:42:55,385 [INFO] ThirdParty:1030 - CMSIS Pack Vendor :STMicroelectronics X-CUBE-AZRTOS-WL 2.0.0
2023-10-11 10:42:55,385 [INFO] ThirdParty:1030 - CMSIS Pack Vendor :SEGGER I-CUBE-embOS 1.3.1
2023-10-11 10:42:55,385 [INFO] ThirdParty:1030 - CMSIS Pack Vendor :STMicroelectronics USB_DEVICE 1.0.0
2023-10-11 10:42:55,385 [INFO] ThirdParty:1030 - CMSIS Pack Vendor :STMicroelectronics X-CUBE-AI 8.1.0
2023-10-11 10:42:55,385 [INFO] ThirdParty:1030 - CMSIS Pack Vendor :STMicroelectronics X-CUBE-AZRTOS-L4 2.0.0
2023-10-11 10:42:55,385 [INFO] ThirdParty:1030 - CMSIS Pack Vendor :STMicroelectronics ThreadX 0.0.2
2023-10-11 10:42:55,385 [INFO] ThirdParty:1030 - CMSIS Pack Vendor :WES I-CUBE-Cesium 1.3.0
2023-10-11 10:42:55,385 [INFO] ThirdParty:1030 - CMSIS Pack Vendor :STMicroelectronics FP-ATR-ASTRA1 2.0.0
2023-10-11 10:42:55,385 [INFO] ThirdParty:1030 - CMSIS Pack Vendor :STMicroelectronics lwIP 2.1.2
2023-10-11 10:42:55,385 [INFO] ThirdParty:1030 - CMSIS Pack Vendor :STMicroelectronics X-CUBE-SFXS2LP1 4.0.0
2023-10-11 10:42:55,385 [INFO] ThirdParty:1030 - CMSIS Pack Vendor :STMicroelectronics X-CUBE-BLE2 3.3.0
2023-10-11 10:42:55,385 [INFO] ThirdParty:1030 - CMSIS Pack Vendor :STMicroelectronics PDM2PCM 3.2.0
2023-10-11 10:42:55,386 [INFO] ThirdParty:841 - exiting critical section [change project]
2023-10-11 10:42:55,602 [INFO] PinOutPanel:1499 - setPackage(No Configuration,No Configuration)
2023-10-11 10:42:55,603 [INFO] PinOutPanel:1499 - setPackage(STM32F429ZITx,LQFP144)
2023-10-11 10:42:55,828 [INFO] UtilMem:75 - Before build in PCC Used Memory: 243030688 Bytes (631242752)
2023-10-11 10:42:56,288 [INFO] UtilMem:75 - After build in PCC Used Memory: 267859896 Bytes (631242752)
2023-10-11 10:42:56,303 [INFO] IPUIPlugin:80 - create IPUIPlugin
2023-10-11 10:42:56,303 [INFO] IPUIPlugin:80 - create IPUIPlugin
2023-10-11 10:42:56,303 [INFO] IPUIPlugin:80 - create IPUIPlugin
2023-10-11 10:42:56,303 [INFO] IPUIPlugin:80 - create IPUIPlugin
2023-10-11 10:42:56,303 [INFO] IPUIPlugin:80 - create IPUIPlugin
2023-10-11 10:42:56,304 [INFO] IPUIPlugin:80 - create IPUIPlugin
2023-10-11 10:42:56,304 [INFO] IPUIPlugin:80 - create IPUIPlugin
2023-10-11 10:42:56,304 [INFO] IPUIPlugin:80 - create IPUIPlugin
2023-10-11 10:42:56,304 [INFO] IPUIPlugin:80 - create IPUIPlugin
2023-10-11 10:42:56,304 [INFO] IPUIPlugin:80 - create IPUIPlugin
2023-10-11 10:42:56,304 [INFO] IPUIPlugin:80 - create IPUIPlugin
2023-10-11 10:42:56,304 [INFO] IPUIPlugin:80 - create IPUIPlugin
2023-10-11 10:42:56,304 [INFO] IPUIPlugin:80 - create IPUIPlugin
2023-10-11 10:42:56,304 [INFO] IPUIPlugin:80 - create IPUIPlugin
2023-10-11 10:42:56,304 [INFO] IPUIPlugin:80 - create IPUIPlugin
2023-10-11 10:42:56,304 [INFO] IPUIPlugin:80 - create IPUIPlugin
2023-10-11 10:42:56,304 [INFO] IPUIPlugin:80 - create IPUIPlugin
2023-10-11 10:42:56,304 [INFO] IPUIPlugin:80 - create IPUIPlugin
2023-10-11 10:42:56,304 [INFO] IPUIPlugin:80 - create IPUIPlugin
2023-10-11 10:42:56,304 [INFO] IPUIPlugin:80 - create IPUIPlugin
2023-10-11 10:42:56,304 [INFO] IPUIPlugin:80 - create IPUIPlugin
2023-10-11 10:42:56,304 [INFO] IPUIPlugin:80 - create IPUIPlugin
2023-10-11 10:42:56,305 [INFO] IPUIPlugin:80 - create IPUIPlugin
2023-10-11 10:42:56,305 [INFO] IPUIPlugin:80 - create IPUIPlugin
2023-10-11 10:42:56,305 [INFO] IPUIPlugin:80 - create IPUIPlugin
2023-10-11 10:42:56,305 [INFO] IPUIPlugin:80 - create IPUIPlugin
2023-10-11 10:42:56,305 [INFO] IPUIPlugin:80 - create IPUIPlugin
2023-10-11 10:42:56,305 [INFO] IPUIPlugin:80 - create IPUIPlugin
2023-10-11 10:42:56,305 [INFO] IPUIPlugin:80 - create IPUIPlugin
2023-10-11 10:42:56,305 [INFO] IPUIPlugin:80 - create IPUIPlugin
2023-10-11 10:42:56,305 [INFO] IPUIPlugin:80 - create IPUIPlugin
2023-10-11 10:42:56,305 [INFO] IPUIPlugin:80 - create IPUIPlugin
2023-10-11 10:42:56,306 [INFO] IPUIPlugin:80 - create IPUIPlugin
2023-10-11 10:42:56,306 [INFO] IPUIPlugin:80 - create IPUIPlugin
2023-10-11 10:42:56,306 [INFO] IPUIPlugin:80 - create IPUIPlugin
2023-10-11 10:42:56,306 [INFO] IPUIPlugin:80 - create IPUIPlugin
2023-10-11 10:42:56,306 [INFO] IPUIPlugin:80 - create IPUIPlugin
2023-10-11 10:42:56,306 [INFO] IPUIPlugin:80 - create IPUIPlugin
2023-10-11 10:42:56,306 [INFO] IPUIPlugin:80 - create IPUIPlugin
2023-10-11 10:42:56,306 [INFO] IPUIPlugin:80 - create IPUIPlugin
2023-10-11 10:42:56,306 [INFO] IPUIPlugin:80 - create IPUIPlugin
2023-10-11 10:42:56,306 [INFO] IPUIPlugin:80 - create IPUIPlugin
2023-10-11 10:42:56,306 [INFO] IPUIPlugin:80 - create IPUIPlugin
2023-10-11 10:42:56,306 [INFO] IPUIPlugin:80 - create IPUIPlugin
2023-10-11 10:42:56,306 [INFO] IPUIPlugin:80 - create IPUIPlugin
2023-10-11 10:42:56,307 [INFO] IPUIPlugin:80 - create IPUIPlugin
2023-10-11 10:42:56,307 [INFO] IPUIPlugin:80 - create IPUIPlugin
2023-10-11 10:42:56,307 [INFO] IPUIPlugin:80 - create IPUIPlugin
2023-10-11 10:42:56,307 [INFO] IPUIPlugin:80 - create IPUIPlugin
2023-10-11 10:42:56,307 [INFO] IPUIPlugin:80 - create IPUIPlugin
2023-10-11 10:42:56,307 [INFO] IPUIPlugin:80 - create IPUIPlugin
2023-10-11 10:42:56,307 [INFO] IPUIPlugin:80 - create IPUIPlugin
2023-10-11 10:42:56,307 [INFO] IPUIPlugin:80 - create IPUIPlugin
2023-10-11 10:42:56,307 [INFO] IPUIPlugin:80 - create IPUIPlugin
2023-10-11 10:42:56,307 [INFO] IPUIPlugin:80 - create IPUIPlugin
2023-10-11 10:42:56,308 [INFO] IPUIPlugin:80 - create IPUIPlugin
2023-10-11 10:42:56,308 [INFO] IPUIPlugin:80 - create IPUIPlugin
2023-10-11 10:42:56,308 [INFO] IPUIPlugin:80 - create IPUIPlugin
2023-10-11 10:42:56,308 [INFO] IPUIPlugin:80 - create IPUIPlugin
2023-10-11 10:42:56,308 [INFO] IPUIPlugin:80 - create IPUIPlugin
2023-10-11 10:42:56,308 [INFO] IPUIPlugin:80 - create IPUIPlugin
2023-10-11 10:42:56,308 [INFO] IPUIPlugin:80 - create IPUIPlugin
2023-10-11 10:42:56,309 [INFO] IPUIPlugin:80 - create IPUIPlugin
2023-10-11 10:42:56,309 [INFO] IPUIPlugin:80 - create IPUIPlugin
2023-10-11 10:42:56,309 [INFO] IPUIPlugin:80 - create IPUIPlugin
2023-10-11 10:42:56,309 [INFO] IPUIPlugin:80 - create IPUIPlugin
2023-10-11 10:42:56,365 [INFO] ApiDbMcu:507 - Load IP Config File for PDM2PCM
2023-10-11 10:42:56,479 [INFO] CADModel:165 - CPN selected for project levelSTM32F429ZIT6
2023-10-11 10:42:56,479 [INFO] CADModel:114 - Register for checkConnection events
2023-10-11 10:42:56,520 [INFO] OpenFileManager:328 - Restore cursor
2023-10-11 11:49:50,167 [INFO] NvicIntPanel:101 - NVIC parent = com.st.microxplorer.plugins.ip.nvic.MultiNvicIntPanel[,0,0,522x208,layout=javax.swing.BoxLayout,alignmentX=0.0,alignmentY=0.0,border=,flags=9,maximumSize=,minimumSize=,preferredSize=]
2023-10-11 11:52:09,071 [INFO] NvicIntPanel:101 - NVIC parent = com.st.microxplorer.plugins.ip.nvic.MultiNvicIntPanel[,0,0,0x0,invalid,layout=javax.swing.BoxLayout,alignmentX=0.0,alignmentY=0.0,border=,flags=9,maximumSize=,minimumSize=,preferredSize=]
2023-10-11 11:53:44,202 [INFO] NvicIntPanel:101 - NVIC parent = com.st.microxplorer.plugins.ip.nvic.MultiNvicIntPanel[,0,0,0x0,invalid,layout=javax.swing.BoxLayout,alignmentX=0.0,alignmentY=0.0,border=,flags=9,maximumSize=,minimumSize=,preferredSize=]
2023-10-11 11:53:48,465 [INFO] NvicIntPanel:101 - NVIC parent = com.st.microxplorer.plugins.ip.nvic.MultiNvicIntPanel[,0,0,0x0,invalid,layout=javax.swing.BoxLayout,alignmentX=0.0,alignmentY=0.0,border=,flags=9,maximumSize=,minimumSize=,preferredSize=]
2023-10-11 11:53:57,210 [INFO] NvicIntPanel:101 - NVIC parent = com.st.microxplorer.plugins.ip.nvic.MultiNvicIntPanel[,0,0,0x0,invalid,layout=javax.swing.BoxLayout,alignmentX=0.0,alignmentY=0.0,border=,flags=9,maximumSize=,minimumSize=,preferredSize=]
2023-10-11 11:54:24,126 [INFO] NvicIntPanel:101 - NVIC parent = com.st.microxplorer.plugins.ip.nvic.MultiNvicIntPanel[,0,0,0x0,invalid,layout=javax.swing.BoxLayout,alignmentX=0.0,alignmentY=0.0,border=,flags=9,maximumSize=,minimumSize=,preferredSize=]
2023-10-11 11:54:29,357 [INFO] NvicIntPanel:101 - NVIC parent = com.st.microxplorer.plugins.ip.nvic.MultiNvicIntPanel[,0,0,0x0,invalid,layout=javax.swing.BoxLayout,alignmentX=0.0,alignmentY=0.0,border=,flags=9,maximumSize=,minimumSize=,preferredSize=]
2023-10-11 11:54:33,440 [INFO] NvicIntPanel:101 - NVIC parent = com.st.microxplorer.plugins.ip.nvic.MultiNvicIntPanel[,0,0,0x0,invalid,layout=javax.swing.BoxLayout,alignmentX=0.0,alignmentY=0.0,border=,flags=9,maximumSize=,minimumSize=,preferredSize=]
2023-10-11 11:54:39,567 [INFO] UtilMem:75 - End SaveConfig() Used Memory: 551180856 Bytes (856686592)
2023-10-11 11:54:39,606 [INFO] UtilMem:75 - End SaveConfig() Used Memory: 575298104 Bytes (856686592)
2023-10-11 11:54:39,677 [INFO] UtilMem:75 - End SaveConfig() Used Memory: 603609656 Bytes (856686592)
2023-10-11 11:54:39,842 [INFO] BlockDiagram:2759 - set Specific Code input for plugin: SYS
2023-10-11 11:54:39,843 [INFO] BlockDiagram:2759 - set Specific Code input for plugin: RCC
2023-10-11 11:54:39,843 [INFO] BlockDiagram:2759 - set Specific Code input for plugin: USB_OTG_FS
2023-10-11 11:54:39,843 [INFO] BlockDiagram:2759 - set Specific Code input for plugin: NVIC
2023-10-11 11:54:39,843 [INFO] BlockDiagram:2759 - set Specific Code input for plugin: USART
2023-10-11 11:54:39,843 [INFO] BlockDiagram:2759 - set Specific Code input for plugin: USART
2023-10-11 11:54:39,843 [INFO] BlockDiagram:2759 - set Specific Code input for plugin: TIM1_8
2023-10-11 11:54:39,843 [INFO] BlockDiagram:2759 - set Specific Code input for plugin: GPIO
2023-10-11 11:54:39,843 [INFO] BlockDiagram:2759 - set Specific Code input for plugin: ETH
2023-10-11 11:54:39,844 [INFO] CodeGenerator:799 - code generatio: config db path: C:\ST\STM32CubeIDE_1.12.0\STM32CubeIDE\plugins\com.st.stm32cube.common.mx_6.9.2.202309101412\\db\
2023-10-11 11:54:39,979 [INFO] CodeEngine:255 - oldGeneratedFile, D:\source\STM32F429ZI\05.TIMER_n_SENSORS\MXTmpFiles\license.tmp_save
2023-10-11 11:54:40,220 [INFO] CodeEngine:279 - Generated code: D:\source\STM32F429ZI\05.TIMER_n_SENSORS\MXTmpFiles\license.tmp
2023-10-11 11:54:40,264 [INFO] CodeEngine:255 - oldGeneratedFile, D:\source\STM32F429ZI\05.TIMER_n_SENSORS\MXTmpFiles\gpio.tmp_save
2023-10-11 11:54:40,342 [INFO] CodeEngine:279 - Generated code: D:\source\STM32F429ZI\05.TIMER_n_SENSORS\MXTmpFiles\gpio.tmp
2023-10-11 11:54:40,553 [WARN] IPConfigManager:2937 - Warning: the RefConfig PWREx_EnableUSBVoltageDetector is not available in your config.xml file
2023-10-11 11:54:40,570 [INFO] CodeEngine:255 - oldGeneratedFile, D:\source\STM32F429ZI\05.TIMER_n_SENSORS\Core\Src\stm32f4xx_it.c_save
2023-10-11 11:54:40,651 [INFO] CodeEngine:279 - Generated code: D:\source\STM32F429ZI\05.TIMER_n_SENSORS\Core\Src\stm32f4xx_it.c
2023-10-11 11:54:40,663 [INFO] CodeEngine:255 - oldGeneratedFile, D:\source\STM32F429ZI\05.TIMER_n_SENSORS\Core\Inc\stm32f4xx_it.h_save
2023-10-11 11:54:40,699 [INFO] CodeEngine:279 - Generated code: D:\source\STM32F429ZI\05.TIMER_n_SENSORS\Core\Inc\stm32f4xx_it.h
2023-10-11 11:54:40,712 [INFO] CodeEngine:255 - oldGeneratedFile, D:\source\STM32F429ZI\05.TIMER_n_SENSORS\Core\Src\stm32f4xx_hal_msp.c_save
2023-10-11 11:54:40,796 [INFO] CodeEngine:279 - Generated code: D:\source\STM32F429ZI\05.TIMER_n_SENSORS\Core\Src\stm32f4xx_hal_msp.c
2023-10-11 11:54:40,804 [INFO] CodeEngine:255 - oldGeneratedFile, D:\source\STM32F429ZI\05.TIMER_n_SENSORS\MXTmpFiles\system.tmp_save
2023-10-11 11:54:40,841 [INFO] CodeEngine:279 - Generated code: D:\source\STM32F429ZI\05.TIMER_n_SENSORS\MXTmpFiles\system.tmp
2023-10-11 11:54:40,856 [INFO] CodeEngine:311 - oldGeneratedFile, D:\source\STM32F429ZI\05.TIMER_n_SENSORS\Core\Inc\stm32f4xx_hal_conf.h_save
2023-10-11 11:54:40,905 [INFO] CodeEngine:335 - Generated code: D:\source\STM32F429ZI\05.TIMER_n_SENSORS\Core\Inc\stm32f4xx_hal_conf.h
2023-10-11 11:54:40,926 [WARN] IPConfigManager:3431 - IP not found : TIM
2023-10-11 11:54:40,926 [WARN] IPConfigManager:3431 - IP not found : USB_OTG
2023-10-11 11:54:40,926 [WARN] CodeGenerator:3764 - IP not found : null
2023-10-11 11:54:40,927 [WARN] CodeGenerator:3764 - IP not found : null
2023-10-11 11:54:40,934 [INFO] CodeEngine:255 - oldGeneratedFile, D:\source\STM32F429ZI\05.TIMER_n_SENSORS\Core\Inc\main.h_save
2023-10-11 11:54:40,989 [INFO] CodeEngine:279 - Generated code: D:\source\STM32F429ZI\05.TIMER_n_SENSORS\Core\Inc\main.h
2023-10-11 11:54:40,998 [INFO] CodeEngine:255 - oldGeneratedFile, D:\source\STM32F429ZI\05.TIMER_n_SENSORS\Core\Src\main.c_save
2023-10-11 11:54:41,080 [INFO] CodeEngine:279 - Generated code: D:\source\STM32F429ZI\05.TIMER_n_SENSORS\Core\Src\main.c
2023-10-11 11:54:41,307 [INFO] ProjectBuilder:3064 - Time for Copy HAL[1] : 48mS.
2023-10-11 11:54:41,309 [INFO] ProjectBuilder:4404 - Project Generator version: 4.1.0
2023-10-11 11:54:41,399 [INFO] ConfigFileManager:1457 - The Die is : DIE419
2023-10-11 11:54:41,406 [INFO] ApiDbMcu:507 - Load IP Config File for FATFS
2023-10-11 11:54:41,411 [INFO] ApiDbMcu:507 - Load IP Config File for FREERTOS
2023-10-11 11:54:41,415 [INFO] ApiDbMcu:507 - Load IP Config File for LIBJPEG
2023-10-11 11:54:41,420 [INFO] ApiDbMcu:507 - Load IP Config File for LWIP
2023-10-11 11:54:41,426 [INFO] ApiDbMcu:507 - Load IP Config File for MBEDTLS
2023-10-11 11:54:41,433 [INFO] ApiDbMcu:507 - Load IP Config File for USB_DEVICE
2023-10-11 11:54:41,437 [INFO] ApiDbMcu:507 - Load IP Config File for USB_HOST
2023-10-11 11:54:41,908 [INFO] LogOutputStream:77 - [STDOUT_REDIRECT] 
2023-10-11 11:54:42,727 [INFO] ProjectBuilder:4626 - Time for Generating toolchain IDE Files: 1418mS.
2023-10-11 11:54:42,728 [INFO] ProjectBuilder:2935 - Time for Copy CMSIS : 0mS.
2023-10-11 11:54:42,728 [INFO] ProjectBuilder:2935 - Time for Copy CMSIS : 0mS.
2023-10-11 11:55:59,510 [INFO] UtilMem:75 - End SaveConfig() Used Memory: 645145288 Bytes (1073741824)
2023-10-11 11:55:59,539 [INFO] UtilMem:75 - End SaveConfig() Used Memory: 669262536 Bytes (1073741824)
2023-10-11 11:55:59,602 [INFO] UtilMem:75 - End SaveConfig() Used Memory: 742662856 Bytes (1073741824)
2023-10-11 11:55:59,676 [INFO] BlockDiagram:2759 - set Specific Code input for plugin: SYS
2023-10-11 11:55:59,676 [INFO] BlockDiagram:2759 - set Specific Code input for plugin: RCC
2023-10-11 11:55:59,676 [INFO] BlockDiagram:2759 - set Specific Code input for plugin: USB_OTG_FS
2023-10-11 11:55:59,676 [INFO] BlockDiagram:2759 - set Specific Code input for plugin: NVIC
2023-10-11 11:55:59,676 [INFO] BlockDiagram:2759 - set Specific Code input for plugin: USART
2023-10-11 11:55:59,676 [INFO] BlockDiagram:2759 - set Specific Code input for plugin: USART
2023-10-11 11:55:59,676 [INFO] BlockDiagram:2759 - set Specific Code input for plugin: TIM1_8
2023-10-11 11:55:59,676 [INFO] BlockDiagram:2759 - set Specific Code input for plugin: GPIO
2023-10-11 11:55:59,676 [INFO] BlockDiagram:2759 - set Specific Code input for plugin: ETH
2023-10-11 11:55:59,676 [INFO] CodeGenerator:799 - code generatio: config db path: C:\ST\STM32CubeIDE_1.12.0\STM32CubeIDE\plugins\com.st.stm32cube.common.mx_6.9.2.202309101412\\db\
2023-10-11 11:55:59,725 [INFO] CodeEngine:255 - oldGeneratedFile, D:\source\STM32F429ZI\05.TIMER_n_SENSORS\MXTmpFiles\license.tmp_save
2023-10-11 11:55:59,788 [INFO] CodeEngine:279 - Generated code: D:\source\STM32F429ZI\05.TIMER_n_SENSORS\MXTmpFiles\license.tmp
2023-10-11 11:55:59,811 [INFO] CodeEngine:255 - oldGeneratedFile, D:\source\STM32F429ZI\05.TIMER_n_SENSORS\MXTmpFiles\gpio.tmp_save
2023-10-11 11:55:59,854 [INFO] CodeEngine:279 - Generated code: D:\source\STM32F429ZI\05.TIMER_n_SENSORS\MXTmpFiles\gpio.tmp
2023-10-11 11:55:59,920 [WARN] IPConfigManager:2937 - Warning: the RefConfig PWREx_EnableUSBVoltageDetector is not available in your config.xml file
2023-10-11 11:55:59,943 [INFO] CodeEngine:255 - oldGeneratedFile, D:\source\STM32F429ZI\05.TIMER_n_SENSORS\Core\Src\stm32f4xx_it.c_save
2023-10-11 11:56:00,015 [INFO] CodeEngine:279 - Generated code: D:\source\STM32F429ZI\05.TIMER_n_SENSORS\Core\Src\stm32f4xx_it.c
2023-10-11 11:56:00,018 [INFO] CodeEngine:255 - oldGeneratedFile, D:\source\STM32F429ZI\05.TIMER_n_SENSORS\Core\Inc\stm32f4xx_it.h_save
2023-10-11 11:56:00,041 [INFO] CodeEngine:279 - Generated code: D:\source\STM32F429ZI\05.TIMER_n_SENSORS\Core\Inc\stm32f4xx_it.h
2023-10-11 11:56:00,048 [INFO] CodeEngine:255 - oldGeneratedFile, D:\source\STM32F429ZI\05.TIMER_n_SENSORS\Core\Src\stm32f4xx_hal_msp.c_save
2023-10-11 11:56:00,107 [INFO] CodeEngine:279 - Generated code: D:\source\STM32F429ZI\05.TIMER_n_SENSORS\Core\Src\stm32f4xx_hal_msp.c
2023-10-11 11:56:00,108 [INFO] CodeEngine:255 - oldGeneratedFile, D:\source\STM32F429ZI\05.TIMER_n_SENSORS\MXTmpFiles\system.tmp_save
2023-10-11 11:56:00,131 [INFO] CodeEngine:279 - Generated code: D:\source\STM32F429ZI\05.TIMER_n_SENSORS\MXTmpFiles\system.tmp
2023-10-11 11:56:00,141 [INFO] CodeEngine:311 - oldGeneratedFile, D:\source\STM32F429ZI\05.TIMER_n_SENSORS\Core\Inc\stm32f4xx_hal_conf.h_save
2023-10-11 11:56:00,195 [INFO] CodeEngine:335 - Generated code: D:\source\STM32F429ZI\05.TIMER_n_SENSORS\Core\Inc\stm32f4xx_hal_conf.h
2023-10-11 11:56:00,214 [WARN] IPConfigManager:3431 - IP not found : TIM
2023-10-11 11:56:00,214 [WARN] IPConfigManager:3431 - IP not found : USB_OTG
2023-10-11 11:56:00,214 [WARN] CodeGenerator:3764 - IP not found : null
2023-10-11 11:56:00,214 [WARN] CodeGenerator:3764 - IP not found : null
2023-10-11 11:56:00,220 [INFO] CodeEngine:255 - oldGeneratedFile, D:\source\STM32F429ZI\05.TIMER_n_SENSORS\Core\Inc\main.h_save
2023-10-11 11:56:00,250 [INFO] CodeEngine:279 - Generated code: D:\source\STM32F429ZI\05.TIMER_n_SENSORS\Core\Inc\main.h
2023-10-11 11:56:00,256 [INFO] CodeEngine:255 - oldGeneratedFile, D:\source\STM32F429ZI\05.TIMER_n_SENSORS\Core\Src\main.c_save
2023-10-11 11:56:00,323 [INFO] CodeEngine:279 - Generated code: D:\source\STM32F429ZI\05.TIMER_n_SENSORS\Core\Src\main.c
2023-10-11 11:56:00,524 [INFO] ProjectBuilder:3064 - Time for Copy HAL[1] : 47mS.
2023-10-11 11:56:00,525 [INFO] ProjectBuilder:4404 - Project Generator version: 4.1.0
2023-10-11 11:56:00,580 [INFO] ConfigFileManager:1457 - The Die is : DIE419
2023-10-11 11:56:01,012 [INFO] ProjectBuilder:4626 - Time for Generating toolchain IDE Files: 487mS.
2023-10-11 11:56:01,013 [INFO] ProjectBuilder:2935 - Time for Copy CMSIS : 0mS.
2023-10-11 11:56:01,014 [INFO] ProjectBuilder:2935 - Time for Copy CMSIS : 1mS.
2023-10-11 12:50:58,828 [INFO] UtilMem:75 - End SaveConfig() Used Memory: 623105664 Bytes (1073741824)
2023-10-11 12:50:58,873 [INFO] UtilMem:75 - End SaveConfig() Used Memory: 647222912 Bytes (1073741824)
2023-10-11 12:50:59,062 [INFO] UtilMem:75 - End SaveConfig() Used Memory: 738971264 Bytes (1073741824)
2023-10-11 12:50:59,156 [INFO] BlockDiagram:2759 - set Specific Code input for plugin: SYS
2023-10-11 12:50:59,156 [INFO] BlockDiagram:2759 - set Specific Code input for plugin: RCC
2023-10-11 12:50:59,156 [INFO] BlockDiagram:2759 - set Specific Code input for plugin: USB_OTG_FS
2023-10-11 12:50:59,156 [INFO] BlockDiagram:2759 - set Specific Code input for plugin: NVIC
2023-10-11 12:50:59,156 [INFO] BlockDiagram:2759 - set Specific Code input for plugin: USART
2023-10-11 12:50:59,156 [INFO] BlockDiagram:2759 - set Specific Code input for plugin: USART
2023-10-11 12:50:59,156 [INFO] BlockDiagram:2759 - set Specific Code input for plugin: TIM1_8
2023-10-11 12:50:59,156 [INFO] BlockDiagram:2759 - set Specific Code input for plugin: GPIO
2023-10-11 12:50:59,156 [INFO] BlockDiagram:2759 - set Specific Code input for plugin: ETH
2023-10-11 12:50:59,156 [INFO] CodeGenerator:799 - code generatio: config db path: C:\ST\STM32CubeIDE_1.12.0\STM32CubeIDE\plugins\com.st.stm32cube.common.mx_6.9.2.202309101412\\db\
2023-10-11 12:50:59,219 [INFO] CodeEngine:255 - oldGeneratedFile, D:\source\STM32F429ZI\05.TIMER_n_SENSORS\MXTmpFiles\license.tmp_save
2023-10-11 12:50:59,266 [INFO] CodeEngine:279 - Generated code: D:\source\STM32F429ZI\05.TIMER_n_SENSORS\MXTmpFiles\license.tmp
2023-10-11 12:50:59,281 [INFO] CodeEngine:255 - oldGeneratedFile, D:\source\STM32F429ZI\05.TIMER_n_SENSORS\MXTmpFiles\gpio.tmp_save
2023-10-11 12:50:59,331 [INFO] CodeEngine:279 - Generated code: D:\source\STM32F429ZI\05.TIMER_n_SENSORS\MXTmpFiles\gpio.tmp
2023-10-11 12:50:59,407 [WARN] IPConfigManager:2937 - Warning: the RefConfig PWREx_EnableUSBVoltageDetector is not available in your config.xml file
2023-10-11 12:50:59,422 [INFO] CodeEngine:255 - oldGeneratedFile, D:\source\STM32F429ZI\05.TIMER_n_SENSORS\Core\Src\stm32f4xx_it.c_save
2023-10-11 12:50:59,516 [INFO] CodeEngine:279 - Generated code: D:\source\STM32F429ZI\05.TIMER_n_SENSORS\Core\Src\stm32f4xx_it.c
2023-10-11 12:50:59,519 [INFO] CodeEngine:255 - oldGeneratedFile, D:\source\STM32F429ZI\05.TIMER_n_SENSORS\Core\Inc\stm32f4xx_it.h_save
2023-10-11 12:50:59,547 [INFO] CodeEngine:279 - Generated code: D:\source\STM32F429ZI\05.TIMER_n_SENSORS\Core\Inc\stm32f4xx_it.h
2023-10-11 12:50:59,548 [INFO] CodeEngine:255 - oldGeneratedFile, D:\source\STM32F429ZI\05.TIMER_n_SENSORS\Core\Src\stm32f4xx_hal_msp.c_save
2023-10-11 12:50:59,594 [INFO] CodeEngine:279 - Generated code: D:\source\STM32F429ZI\05.TIMER_n_SENSORS\Core\Src\stm32f4xx_hal_msp.c
2023-10-11 12:50:59,594 [INFO] CodeEngine:255 - oldGeneratedFile, D:\source\STM32F429ZI\05.TIMER_n_SENSORS\MXTmpFiles\system.tmp_save
2023-10-11 12:50:59,626 [INFO] CodeEngine:279 - Generated code: D:\source\STM32F429ZI\05.TIMER_n_SENSORS\MXTmpFiles\system.tmp
2023-10-11 12:50:59,641 [INFO] CodeEngine:311 - oldGeneratedFile, D:\source\STM32F429ZI\05.TIMER_n_SENSORS\Core\Inc\stm32f4xx_hal_conf.h_save
2023-10-11 12:50:59,722 [INFO] CodeEngine:335 - Generated code: D:\source\STM32F429ZI\05.TIMER_n_SENSORS\Core\Inc\stm32f4xx_hal_conf.h
2023-10-11 12:50:59,731 [WARN] IPConfigManager:3431 - IP not found : TIM
2023-10-11 12:50:59,731 [WARN] IPConfigManager:3431 - IP not found : USB_OTG
2023-10-11 12:50:59,731 [WARN] CodeGenerator:3764 - IP not found : null
2023-10-11 12:50:59,731 [WARN] CodeGenerator:3764 - IP not found : null
2023-10-11 12:50:59,738 [INFO] CodeEngine:255 - oldGeneratedFile, D:\source\STM32F429ZI\05.TIMER_n_SENSORS\Core\Inc\main.h_save
2023-10-11 12:50:59,781 [INFO] CodeEngine:279 - Generated code: D:\source\STM32F429ZI\05.TIMER_n_SENSORS\Core\Inc\main.h
2023-10-11 12:50:59,787 [INFO] CodeEngine:255 - oldGeneratedFile, D:\source\STM32F429ZI\05.TIMER_n_SENSORS\Core\Src\main.c_save
2023-10-11 12:50:59,842 [INFO] CodeEngine:279 - Generated code: D:\source\STM32F429ZI\05.TIMER_n_SENSORS\Core\Src\main.c
2023-10-11 12:50:59,995 [INFO] ProjectBuilder:3064 - Time for Copy HAL[1] : 35mS.
2023-10-11 12:50:59,996 [INFO] ProjectBuilder:4404 - Project Generator version: 4.1.0
2023-10-11 12:51:00,101 [INFO] ConfigFileManager:1457 - The Die is : DIE419
2023-10-11 12:51:00,505 [INFO] ProjectBuilder:4626 - Time for Generating toolchain IDE Files: 509mS.
2023-10-11 12:51:00,505 [INFO] ProjectBuilder:2935 - Time for Copy CMSIS : 0mS.
2023-10-11 12:51:00,506 [INFO] ProjectBuilder:2935 - Time for Copy CMSIS : 0mS.
2023-10-11 13:08:16,386 [INFO] NvicIntPanel:101 - NVIC parent = com.st.microxplorer.plugins.ip.nvic.MultiNvicIntPanel[,0,0,509x208,layout=javax.swing.BoxLayout,alignmentX=0.0,alignmentY=0.0,border=,flags=9,maximumSize=,minimumSize=,preferredSize=]
2023-10-11 13:16:02,292 [INFO] NvicIntPanel:101 - NVIC parent = com.st.microxplorer.plugins.ip.nvic.MultiNvicIntPanel[,0,0,0x0,invalid,layout=javax.swing.BoxLayout,alignmentX=0.0,alignmentY=0.0,border=,flags=9,maximumSize=,minimumSize=,preferredSize=]
2023-10-11 13:16:03,079 [INFO] UtilMem:75 - End SaveConfig() Used Memory: 599135728 Bytes (1073741824)
2023-10-11 13:16:03,108 [INFO] UtilMem:75 - End SaveConfig() Used Memory: 623775216 Bytes (1073741824)
2023-10-11 13:16:03,272 [INFO] UtilMem:75 - End SaveConfig() Used Memory: 707661296 Bytes (1073741824)
2023-10-11 13:16:03,343 [INFO] BlockDiagram:2759 - set Specific Code input for plugin: SYS
2023-10-11 13:16:03,343 [INFO] BlockDiagram:2759 - set Specific Code input for plugin: RCC
2023-10-11 13:16:03,343 [INFO] BlockDiagram:2759 - set Specific Code input for plugin: USB_OTG_FS
2023-10-11 13:16:03,343 [INFO] BlockDiagram:2759 - set Specific Code input for plugin: NVIC
2023-10-11 13:16:03,343 [INFO] BlockDiagram:2759 - set Specific Code input for plugin: USART
2023-10-11 13:16:03,343 [INFO] BlockDiagram:2759 - set Specific Code input for plugin: USART
2023-10-11 13:16:03,343 [INFO] BlockDiagram:2759 - set Specific Code input for plugin: TIM1_8
2023-10-11 13:16:03,343 [INFO] BlockDiagram:2759 - set Specific Code input for plugin: GPIO
2023-10-11 13:16:03,343 [INFO] BlockDiagram:2759 - set Specific Code input for plugin: ETH
2023-10-11 13:16:03,344 [INFO] CodeGenerator:799 - code generatio: config db path: C:\ST\STM32CubeIDE_1.12.0\STM32CubeIDE\plugins\com.st.stm32cube.common.mx_6.9.2.202309101412\\db\
2023-10-11 13:16:03,392 [INFO] CodeEngine:255 - oldGeneratedFile, D:\source\STM32F429ZI\05.TIMER_n_SENSORS\MXTmpFiles\license.tmp_save
2023-10-11 13:16:03,438 [INFO] CodeEngine:279 - Generated code: D:\source\STM32F429ZI\05.TIMER_n_SENSORS\MXTmpFiles\license.tmp
2023-10-11 13:16:03,450 [INFO] CodeEngine:255 - oldGeneratedFile, D:\source\STM32F429ZI\05.TIMER_n_SENSORS\MXTmpFiles\gpio.tmp_save
2023-10-11 13:16:03,517 [INFO] CodeEngine:279 - Generated code: D:\source\STM32F429ZI\05.TIMER_n_SENSORS\MXTmpFiles\gpio.tmp
2023-10-11 13:16:03,597 [WARN] IPConfigManager:2937 - Warning: the RefConfig PWREx_EnableUSBVoltageDetector is not available in your config.xml file
2023-10-11 13:16:03,620 [INFO] CodeEngine:255 - oldGeneratedFile, D:\source\STM32F429ZI\05.TIMER_n_SENSORS\Core\Src\stm32f4xx_it.c_save
2023-10-11 13:16:03,726 [INFO] CodeEngine:279 - Generated code: D:\source\STM32F429ZI\05.TIMER_n_SENSORS\Core\Src\stm32f4xx_it.c
2023-10-11 13:16:03,728 [INFO] CodeEngine:255 - oldGeneratedFile, D:\source\STM32F429ZI\05.TIMER_n_SENSORS\Core\Inc\stm32f4xx_it.h_save
2023-10-11 13:16:03,752 [INFO] CodeEngine:279 - Generated code: D:\source\STM32F429ZI\05.TIMER_n_SENSORS\Core\Inc\stm32f4xx_it.h
2023-10-11 13:16:03,760 [INFO] CodeEngine:255 - oldGeneratedFile, D:\source\STM32F429ZI\05.TIMER_n_SENSORS\Core\Src\stm32f4xx_hal_msp.c_save
2023-10-11 13:16:03,824 [INFO] CodeEngine:279 - Generated code: D:\source\STM32F429ZI\05.TIMER_n_SENSORS\Core\Src\stm32f4xx_hal_msp.c
2023-10-11 13:16:03,826 [INFO] CodeEngine:255 - oldGeneratedFile, D:\source\STM32F429ZI\05.TIMER_n_SENSORS\MXTmpFiles\system.tmp_save
2023-10-11 13:16:03,848 [INFO] CodeEngine:279 - Generated code: D:\source\STM32F429ZI\05.TIMER_n_SENSORS\MXTmpFiles\system.tmp
2023-10-11 13:16:03,858 [INFO] CodeEngine:311 - oldGeneratedFile, D:\source\STM32F429ZI\05.TIMER_n_SENSORS\Core\Inc\stm32f4xx_hal_conf.h_save
2023-10-11 13:16:03,925 [INFO] CodeEngine:335 - Generated code: D:\source\STM32F429ZI\05.TIMER_n_SENSORS\Core\Inc\stm32f4xx_hal_conf.h
2023-10-11 13:16:03,936 [WARN] IPConfigManager:3431 - IP not found : TIM
2023-10-11 13:16:03,936 [WARN] IPConfigManager:3431 - IP not found : USB_OTG
2023-10-11 13:16:03,936 [WARN] CodeGenerator:3764 - IP not found : null
2023-10-11 13:16:03,936 [WARN] CodeGenerator:3764 - IP not found : null
2023-10-11 13:16:03,944 [INFO] CodeEngine:255 - oldGeneratedFile, D:\source\STM32F429ZI\05.TIMER_n_SENSORS\Core\Inc\main.h_save
2023-10-11 13:16:03,987 [INFO] CodeEngine:279 - Generated code: D:\source\STM32F429ZI\05.TIMER_n_SENSORS\Core\Inc\main.h
2023-10-11 13:16:03,997 [INFO] CodeEngine:255 - oldGeneratedFile, D:\source\STM32F429ZI\05.TIMER_n_SENSORS\Core\Src\main.c_save
2023-10-11 13:16:04,054 [INFO] CodeEngine:279 - Generated code: D:\source\STM32F429ZI\05.TIMER_n_SENSORS\Core\Src\main.c
2023-10-11 13:16:04,233 [INFO] ProjectBuilder:3064 - Time for Copy HAL[1] : 34mS.
2023-10-11 13:16:04,233 [INFO] ProjectBuilder:4404 - Project Generator version: 4.1.0
2023-10-11 13:16:04,336 [INFO] ConfigFileManager:1457 - The Die is : DIE419
2023-10-11 13:16:04,754 [INFO] ProjectBuilder:4626 - Time for Generating toolchain IDE Files: 521mS.
2023-10-11 13:16:04,755 [INFO] ProjectBuilder:2935 - Time for Copy CMSIS : 1mS.
2023-10-11 13:16:04,755 [INFO] ProjectBuilder:2935 - Time for Copy CMSIS : 0mS.
2023-10-11 15:38:08,557 [INFO] NvicIntPanel:101 - NVIC parent = com.st.microxplorer.plugins.ip.nvic.MultiNvicIntPanel[,0,0,502x208,layout=javax.swing.BoxLayout,alignmentX=0.0,alignmentY=0.0,border=,flags=9,maximumSize=,minimumSize=,preferredSize=]
2023-10-11 15:38:09,844 [INFO] NvicIntPanel:101 - NVIC parent = com.st.microxplorer.plugins.ip.nvic.MultiNvicIntPanel[,0,0,0x0,invalid,layout=javax.swing.BoxLayout,alignmentX=0.0,alignmentY=0.0,border=,flags=9,maximumSize=,minimumSize=,preferredSize=]
2023-10-11 15:38:11,014 [INFO] UtilMem:75 - End SaveConfig() Used Memory: 655296176 Bytes (1073741824)
2023-10-11 15:38:11,042 [INFO] UtilMem:75 - End SaveConfig() Used Memory: 678364848 Bytes (1073741824)
2023-10-11 15:38:11,211 [INFO] UtilMem:75 - End SaveConfig() Used Memory: 769064624 Bytes (1073741824)
2023-10-11 15:38:11,308 [INFO] BlockDiagram:2759 - set Specific Code input for plugin: SYS
2023-10-11 15:38:11,308 [INFO] BlockDiagram:2759 - set Specific Code input for plugin: RCC
2023-10-11 15:38:11,309 [INFO] BlockDiagram:2759 - set Specific Code input for plugin: USB_OTG_FS
2023-10-11 15:38:11,309 [INFO] BlockDiagram:2759 - set Specific Code input for plugin: NVIC
2023-10-11 15:38:11,309 [INFO] BlockDiagram:2759 - set Specific Code input for plugin: USART
2023-10-11 15:38:11,309 [INFO] BlockDiagram:2759 - set Specific Code input for plugin: USART
2023-10-11 15:38:11,309 [INFO] BlockDiagram:2759 - set Specific Code input for plugin: TIM1_8
2023-10-11 15:38:11,309 [INFO] BlockDiagram:2759 - set Specific Code input for plugin: TIM1_8
2023-10-11 15:38:11,309 [INFO] BlockDiagram:2759 - set Specific Code input for plugin: GPIO
2023-10-11 15:38:11,309 [INFO] BlockDiagram:2759 - set Specific Code input for plugin: ETH
2023-10-11 15:38:11,309 [INFO] CodeGenerator:799 - code generatio: config db path: C:\ST\STM32CubeIDE_1.12.0\STM32CubeIDE\plugins\com.st.stm32cube.common.mx_6.9.2.202309101412\\db\
2023-10-11 15:38:11,389 [INFO] CodeEngine:255 - oldGeneratedFile, D:\source\STM32F429ZI\05.TIMER_n_SENSORS\MXTmpFiles\license.tmp_save
2023-10-11 15:38:11,439 [INFO] CodeEngine:279 - Generated code: D:\source\STM32F429ZI\05.TIMER_n_SENSORS\MXTmpFiles\license.tmp
2023-10-11 15:38:11,451 [INFO] CodeEngine:255 - oldGeneratedFile, D:\source\STM32F429ZI\05.TIMER_n_SENSORS\MXTmpFiles\gpio.tmp_save
2023-10-11 15:38:11,495 [INFO] CodeEngine:279 - Generated code: D:\source\STM32F429ZI\05.TIMER_n_SENSORS\MXTmpFiles\gpio.tmp
2023-10-11 15:38:11,600 [WARN] IPConfigManager:2937 - Warning: the RefConfig PWREx_EnableUSBVoltageDetector is not available in your config.xml file
2023-10-11 15:38:11,623 [INFO] CodeEngine:255 - oldGeneratedFile, D:\source\STM32F429ZI\05.TIMER_n_SENSORS\Core\Src\stm32f4xx_it.c_save
2023-10-11 15:38:11,699 [INFO] CodeEngine:279 - Generated code: D:\source\STM32F429ZI\05.TIMER_n_SENSORS\Core\Src\stm32f4xx_it.c
2023-10-11 15:38:11,712 [INFO] CodeEngine:255 - oldGeneratedFile, D:\source\STM32F429ZI\05.TIMER_n_SENSORS\Core\Inc\stm32f4xx_it.h_save
2023-10-11 15:38:11,741 [INFO] CodeEngine:279 - Generated code: D:\source\STM32F429ZI\05.TIMER_n_SENSORS\Core\Inc\stm32f4xx_it.h
2023-10-11 15:38:11,754 [INFO] CodeEngine:255 - oldGeneratedFile, D:\source\STM32F429ZI\05.TIMER_n_SENSORS\Core\Src\stm32f4xx_hal_msp.c_save
2023-10-11 15:38:11,871 [INFO] CodeEngine:279 - Generated code: D:\source\STM32F429ZI\05.TIMER_n_SENSORS\Core\Src\stm32f4xx_hal_msp.c
2023-10-11 15:38:11,877 [INFO] CodeEngine:255 - oldGeneratedFile, D:\source\STM32F429ZI\05.TIMER_n_SENSORS\MXTmpFiles\system.tmp_save
2023-10-11 15:38:11,903 [INFO] CodeEngine:279 - Generated code: D:\source\STM32F429ZI\05.TIMER_n_SENSORS\MXTmpFiles\system.tmp
2023-10-11 15:38:11,910 [INFO] CodeEngine:311 - oldGeneratedFile, D:\source\STM32F429ZI\05.TIMER_n_SENSORS\Core\Inc\stm32f4xx_hal_conf.h_save
2023-10-11 15:38:11,960 [INFO] CodeEngine:335 - Generated code: D:\source\STM32F429ZI\05.TIMER_n_SENSORS\Core\Inc\stm32f4xx_hal_conf.h
2023-10-11 15:38:11,969 [WARN] IPConfigManager:3431 - IP not found : TIM
2023-10-11 15:38:11,969 [WARN] IPConfigManager:3431 - IP not found : USB_OTG
2023-10-11 15:38:11,969 [WARN] CodeGenerator:3764 - IP not found : null
2023-10-11 15:38:11,969 [WARN] CodeGenerator:3764 - IP not found : null
2023-10-11 15:38:11,976 [INFO] CodeEngine:255 - oldGeneratedFile, D:\source\STM32F429ZI\05.TIMER_n_SENSORS\Core\Inc\main.h_save
2023-10-11 15:38:12,031 [INFO] CodeEngine:279 - Generated code: D:\source\STM32F429ZI\05.TIMER_n_SENSORS\Core\Inc\main.h
2023-10-11 15:38:12,036 [INFO] CodeEngine:255 - oldGeneratedFile, D:\source\STM32F429ZI\05.TIMER_n_SENSORS\Core\Src\main.c_save
2023-10-11 15:38:12,097 [INFO] CodeEngine:279 - Generated code: D:\source\STM32F429ZI\05.TIMER_n_SENSORS\Core\Src\main.c
2023-10-11 15:38:12,292 [INFO] ProjectBuilder:3064 - Time for Copy HAL[1] : 51mS.
2023-10-11 15:38:12,293 [INFO] ProjectBuilder:4404 - Project Generator version: 4.1.0
2023-10-11 15:38:12,375 [INFO] ConfigFileManager:1457 - The Die is : DIE419
2023-10-11 15:38:12,787 [INFO] ProjectBuilder:4626 - Time for Generating toolchain IDE Files: 494mS.
2023-10-11 15:38:12,787 [INFO] ProjectBuilder:2935 - Time for Copy CMSIS : 0mS.
2023-10-11 15:38:12,787 [INFO] ProjectBuilder:2935 - Time for Copy CMSIS : 0mS.
2023-10-11 15:41:28,823 [INFO] UtilMem:75 - End SaveConfig() Used Memory: 767726656 Bytes (1073741824)
2023-10-11 15:41:28,962 [INFO] UtilMem:75 - End SaveConfig() Used Memory: 807572544 Bytes (1073741824)
2023-10-11 15:41:29,021 [INFO] UtilMem:75 - End SaveConfig() Used Memory: 835220728 Bytes (1073741824)
2023-10-11 15:41:29,105 [INFO] BlockDiagram:2759 - set Specific Code input for plugin: SYS
2023-10-11 15:41:29,105 [INFO] BlockDiagram:2759 - set Specific Code input for plugin: RCC
2023-10-11 15:41:29,105 [INFO] BlockDiagram:2759 - set Specific Code input for plugin: USB_OTG_FS
2023-10-11 15:41:29,105 [INFO] BlockDiagram:2759 - set Specific Code input for plugin: NVIC
2023-10-11 15:41:29,105 [INFO] BlockDiagram:2759 - set Specific Code input for plugin: USART
2023-10-11 15:41:29,105 [INFO] BlockDiagram:2759 - set Specific Code input for plugin: USART
2023-10-11 15:41:29,105 [INFO] BlockDiagram:2759 - set Specific Code input for plugin: TIM1_8
2023-10-11 15:41:29,105 [INFO] BlockDiagram:2759 - set Specific Code input for plugin: TIM1_8
2023-10-11 15:41:29,105 [INFO] BlockDiagram:2759 - set Specific Code input for plugin: GPIO
2023-10-11 15:41:29,105 [INFO] BlockDiagram:2759 - set Specific Code input for plugin: ETH
2023-10-11 15:41:29,105 [INFO] CodeGenerator:799 - code generatio: config db path: C:\ST\STM32CubeIDE_1.12.0\STM32CubeIDE\plugins\com.st.stm32cube.common.mx_6.9.2.202309101412\\db\
2023-10-11 15:41:29,170 [INFO] CodeEngine:255 - oldGeneratedFile, D:\source\STM32F429ZI\05.TIMER_n_SENSORS\MXTmpFiles\license.tmp_save
2023-10-11 15:41:29,228 [INFO] CodeEngine:279 - Generated code: D:\source\STM32F429ZI\05.TIMER_n_SENSORS\MXTmpFiles\license.tmp
2023-10-11 15:41:29,250 [INFO] CodeEngine:255 - oldGeneratedFile, D:\source\STM32F429ZI\05.TIMER_n_SENSORS\MXTmpFiles\gpio.tmp_save
2023-10-11 15:41:29,290 [INFO] CodeEngine:279 - Generated code: D:\source\STM32F429ZI\05.TIMER_n_SENSORS\MXTmpFiles\gpio.tmp
2023-10-11 15:41:29,375 [WARN] IPConfigManager:2937 - Warning: the RefConfig PWREx_EnableUSBVoltageDetector is not available in your config.xml file
2023-10-11 15:41:29,387 [INFO] CodeEngine:255 - oldGeneratedFile, D:\source\STM32F429ZI\05.TIMER_n_SENSORS\Core\Src\stm32f4xx_it.c_save
2023-10-11 15:41:29,431 [INFO] CodeEngine:279 - Generated code: D:\source\STM32F429ZI\05.TIMER_n_SENSORS\Core\Src\stm32f4xx_it.c
2023-10-11 15:41:29,447 [INFO] CodeEngine:255 - oldGeneratedFile, D:\source\STM32F429ZI\05.TIMER_n_SENSORS\Core\Inc\stm32f4xx_it.h_save
2023-10-11 15:41:29,472 [INFO] CodeEngine:279 - Generated code: D:\source\STM32F429ZI\05.TIMER_n_SENSORS\Core\Inc\stm32f4xx_it.h
2023-10-11 15:41:29,486 [INFO] CodeEngine:255 - oldGeneratedFile, D:\source\STM32F429ZI\05.TIMER_n_SENSORS\Core\Src\stm32f4xx_hal_msp.c_save
2023-10-11 15:41:29,540 [INFO] CodeEngine:279 - Generated code: D:\source\STM32F429ZI\05.TIMER_n_SENSORS\Core\Src\stm32f4xx_hal_msp.c
2023-10-11 15:41:29,541 [INFO] CodeEngine:255 - oldGeneratedFile, D:\source\STM32F429ZI\05.TIMER_n_SENSORS\MXTmpFiles\system.tmp_save
2023-10-11 15:41:29,563 [INFO] CodeEngine:279 - Generated code: D:\source\STM32F429ZI\05.TIMER_n_SENSORS\MXTmpFiles\system.tmp
2023-10-11 15:41:29,572 [INFO] CodeEngine:311 - oldGeneratedFile, D:\source\STM32F429ZI\05.TIMER_n_SENSORS\Core\Inc\stm32f4xx_hal_conf.h_save
2023-10-11 15:41:29,643 [INFO] CodeEngine:335 - Generated code: D:\source\STM32F429ZI\05.TIMER_n_SENSORS\Core\Inc\stm32f4xx_hal_conf.h
2023-10-11 15:41:29,650 [WARN] IPConfigManager:3431 - IP not found : TIM
2023-10-11 15:41:29,650 [WARN] IPConfigManager:3431 - IP not found : USB_OTG
2023-10-11 15:41:29,650 [WARN] CodeGenerator:3764 - IP not found : null
2023-10-11 15:41:29,651 [WARN] CodeGenerator:3764 - IP not found : null
2023-10-11 15:41:29,662 [INFO] CodeEngine:255 - oldGeneratedFile, D:\source\STM32F429ZI\05.TIMER_n_SENSORS\Core\Inc\main.h_save
2023-10-11 15:41:29,703 [INFO] CodeEngine:279 - Generated code: D:\source\STM32F429ZI\05.TIMER_n_SENSORS\Core\Inc\main.h
2023-10-11 15:41:29,723 [INFO] CodeEngine:255 - oldGeneratedFile, D:\source\STM32F429ZI\05.TIMER_n_SENSORS\Core\Src\main.c_save
2023-10-11 15:41:29,793 [INFO] CodeEngine:279 - Generated code: D:\source\STM32F429ZI\05.TIMER_n_SENSORS\Core\Src\main.c
2023-10-11 15:41:29,994 [INFO] ProjectBuilder:3064 - Time for Copy HAL[1] : 35mS.
2023-10-11 15:41:29,995 [INFO] ProjectBuilder:4404 - Project Generator version: 4.1.0
2023-10-11 15:41:30,061 [INFO] ConfigFileManager:1457 - The Die is : DIE419
2023-10-11 15:41:30,476 [INFO] ProjectBuilder:4626 - Time for Generating toolchain IDE Files: 481mS.
2023-10-11 15:41:30,476 [INFO] ProjectBuilder:2935 - Time for Copy CMSIS : 0mS.
2023-10-11 15:41:30,477 [INFO] ProjectBuilder:2935 - Time for Copy CMSIS : 0mS.
2023-10-11 17:48:07,258 [ERROR] LogOutputStream:75 - [STDERR_REDIRECT] 
